[Dec 23 2015 14:46:44.000000 - ERROR] effectiveUser=410068972363-c0tmsm0sfdqbfneii4vf14gnonuk4avq.apps.googleusercontent.com service=AdGroupAdService method=mutate operators={ADD: 1} responseTime= requestId= operations= units= server=adwords.google.com isFault=true faultMessage=Unmarshalling Error: For input string: "VIDEO_ADD_GROUP_ID" 
[Dec 23 2015 14:55:35.000000 - ERROR] effectiveUser=410068972363-c0tmsm0sfdqbfneii4vf14gnonuk4avq.apps.googleusercontent.com service=AdGroupAdService method=mutate operators={ADD: 1} responseTime= requestId= operations= units= server=adwords.google.com isFault=true faultMessage=Unmarshalling Error: For input string: "Ad-Group-#1" 
[Dec 23 2015 15:33:43.000000 - ERROR] effectiveUser= service=CampaignService method=get operators={} responseTime=48 requestId=00052790c556df600a0de1455d00e933 operations=1 units= server=adwords.google.com isFault=true faultMessage=[AuthenticationError.CLIENT_CUSTOMER_ID_IS_REQUIRED @ ; trigger:'<null>']
[Dec 23 2015 15:34:46.000000 - ERROR] effectiveUser=410068972363-c0tmsm0sfdqbfneii4vf14gnonuk4avq.apps.googleusercontent.com service=CampaignService method=get operators={} responseTime=46 requestId=00052790c91af7f80a81518e7a00f0c1 operations=1 units= server=adwords.google.com isFault=true faultMessage=[AuthenticationError.CLIENT_CUSTOMER_ID_INVALID @ ; trigger:'<null>']
[Dec 23 2015 15:37:14.000000 - INFO] effectiveUser=939-835-8267 service=CampaignService method=get operators={} responseTime=180 requestId=00052790d1edcdb00a0dfd44b20dfb48 operations=1 units= server=adwords.google.com isFault=false faultMessage=null
[Dec 23 2015 15:47:11.000000 - INFO] effectiveUser=939-835-8267 service=CampaignService method=get operators={} responseTime=170 requestId=00052790f57e8a300ac419c8090dcc66 operations=1 units= server=adwords.google.com isFault=false faultMessage=null
[Dec 23 2015 15:53:37.000000 - INFO] effectiveUser=939-835-8267 service=CampaignService method=get operators={} responseTime=165 requestId=000527910c7c01e00a816782a202d172 operations=1 units= server=adwords.google.com isFault=false faultMessage=null
[Dec 23 2015 15:58:02.000000 - INFO] effectiveUser=939-835-8267 service=CampaignService method=get operators={} responseTime=199 requestId=000527911c4a64e00a816cc7bb0bd305 operations=1 units= server=adwords.google.com isFault=false faultMessage=null
[Dec 23 2015 16:08:59.000000 - INFO] effectiveUser=918-876-3610 service=CampaignService method=get operators={} responseTime=126 requestId=00052791437599b80a0dd2822300d113 operations=1 units= server=adwords.google.com isFault=false faultMessage=null
[Dec 23 2015 16:12:28.000000 - INFO] effectiveUser=918-876-3610 service=CampaignService method=get operators={} responseTime=140 requestId=000527914fe83b100a8149cb31058f4c operations=1 units= server=adwords.google.com isFault=false faultMessage=null
[Dec 23 2015 16:13:26.000000 - INFO] effectiveUser=918-876-3610 service=CampaignService method=get operators={} responseTime=131 requestId=000527915366f5d80a812e080f0ab2cd operations=1 units= server=adwords.google.com isFault=false faultMessage=null
[Dec 23 2015 16:26:23.000000 - INFO] effectiveUser=918-876-3610 service=CampaignService method=get operators={} responseTime=149 requestId=0005279180e120600ac501426f09ce32 operations=1 units= server=adwords.google.com isFault=false faultMessage=null
[Dec 23 2015 16:35:51.000000 - INFO] effectiveUser=918-876-3610 service=CampaignService method=get operators={} responseTime=149 requestId=00052791a2b7d4b80a8167830a0a06ea operations=1 units= server=adwords.google.com isFault=false faultMessage=null
[Dec 23 2015 16:36:31.000000 - INFO] effectiveUser=918-876-3610 service=CampaignService method=get operators={} responseTime=53 requestId=00052791a5f3e9000a8183123808080c operations=1 units= server=adwords.google.com isFault=false faultMessage=null
[Dec 23 2015 16:52:02.000000 - ERROR] effectiveUser=800-122-5736 service=CampaignService method=get operators={} responseTime=73 requestId=00052791dd70c2690ac500a188035253 operations=1 units= server=adwords.google.com isFault=true faultMessage=[AuthorizationError.USER_PERMISSION_DENIED @ ; trigger:'<null>']
[Dec 23 2015 16:52:39.000000 - INFO] effectiveUser=939-835-8267 service=CampaignService method=get operators={} responseTime=241 requestId=00052791df9c74390ac4ec43e5079954 operations=1 units= server=adwords.google.com isFault=false faultMessage=null
[Dec 24 2015 11:24:15.000000 - INFO] effectiveUser=918-876-3610 service=CampaignService method=get operators={} responseTime=127 requestId=000527a166da2aa90a815d566d0d8f34 operations=1 units= server=adwords.google.com isFault=false faultMessage=null
[Dec 24 2015 11:39:49.000000 - INFO] effectiveUser=939-835-8267 service=CampaignService method=get operators={} responseTime=271 requestId=000527a19e90a9e00a0dc387f801d283 operations=1 units= server=adwords.google.com isFault=false faultMessage=null
[Dec 24 2015 12:04:44.000000 - INFO] effectiveUser=939-835-8267 service=CampaignService method=get operators={} responseTime=169 requestId=000527a1f7abc2800ac50489c00ead2c operations=1 units= server=adwords.google.com isFault=false faultMessage=null
[Dec 24 2015 12:04:51.000000 - INFO] effectiveUser=939-835-8267 service=CampaignService method=get operators={} responseTime=225 requestId=000527a1f812cd690ac4ae82ed0eed82 operations=1 units= server=adwords.google.com isFault=false faultMessage=null
[Dec 24 2015 12:05:31.000000 - INFO] effectiveUser=918-876-3610 service=CampaignService method=get operators={} responseTime=132 requestId=000527a1fa7202b80ac4dc62a10c4344 operations=1 units= server=adwords.google.com isFault=false faultMessage=null
[Dec 24 2015 12:05:45.000000 - INFO] effectiveUser=918-876-3610 service=CampaignService method=get operators={} responseTime=129 requestId=000527a1fb514ec80ac4e1a1b40b9579 operations=1 units= server=adwords.google.com isFault=false faultMessage=null
[Dec 24 2015 12:06:52.000000 - ERROR] effectiveUser=918-876-361011 service=CampaignService method=get operators={} responseTime=50 requestId=000527a1ff4b57f80a0dfd44b20dfb48 operations=1 units= server=adwords.google.com isFault=true faultMessage=[AuthenticationError.CUSTOMER_NOT_FOUND @ ; trigger:'<null>']
[Dec 24 2015 12:15:52.000000 - INFO] effectiveUser=918-876-3610 service=CampaignService method=get operators={} responseTime=144 requestId=000527a21f7cc0c10ac4890ac6012c93 operations=1 units= server=adwords.google.com isFault=false faultMessage=null
[Dec 24 2015 12:30:48.000000 - ERROR] effectiveUser=918-876-3610 service=CampaignService method=get operators={} responseTime=98 requestId=000527a254df74880a816cc7bb0bd305 operations=1 units= server=adwords.google.com isFault=true faultMessage=[SelectorError.MISSING_FIELDS @ serviceSelector]
[Dec 24 2015 12:34:42.000000 - ERROR] effectiveUser=918-876-3610 service=ManagedCustomerService method=get operators={} responseTime=173 requestId=000527a262d120780ac20e227c025619 operations=1 units= server=adwords.google.com isFault=true faultMessage=[SelectorError.INVALID_FIELD_NAME @ serviceSelector; trigger:'Login']
[Dec 24 2015 12:51:05.000000 - INFO] effectiveUser=918-876-3610 service=ManagedCustomerService method=get operators={} responseTime=217 requestId=000527a29d6d8d480ac2b387290ea4fe operations=1 units= server=adwords.google.com isFault=false faultMessage=null
[Dec 24 2015 12:52:32.000000 - INFO] effectiveUser=9188763610 service=ManagedCustomerService method=get operators={} responseTime=205 requestId=000527a2a29b20f00ac26ee4ab08ceb7 operations=1 units= server=adwords.google.com isFault=false faultMessage=null
[Dec 24 2015 12:52:33.000000 - INFO] effectiveUser=9188763610 service=CampaignService method=get operators={} responseTime=116 requestId=000527a2a2a473a80a0dcc4a1f0c3488 operations=1 units= server=adwords.google.com isFault=false faultMessage=null
[Dec 24 2015 15:30:51.000000 - INFO] effectiveUser=9188763610 service=ManagedCustomerService method=get operators={} responseTime=207 requestId=000527a4d907eb800ac226c58005632f operations=1 units= server=adwords.google.com isFault=false faultMessage=null
[Dec 24 2015 15:30:52.000000 - INFO] effectiveUser=9188763610 service=CampaignService method=get operators={} responseTime=104 requestId=000527a4d9116d180a81518e7a00f0c1 operations=1 units= server=adwords.google.com isFault=false faultMessage=null
[Dec 24 2015 15:31:40.000000 - INFO] effectiveUser=9188763610 service=ManagedCustomerService method=get operators={} responseTime=192 requestId=000527a4dbea4af10ac2f6215002a230 operations=1 units= server=adwords.google.com isFault=false faultMessage=null
[Dec 24 2015 15:31:40.000000 - INFO] effectiveUser=9188763610 service=CampaignService method=get operators={} responseTime=102 requestId=000527a4dbf4fd380a8126c33d09081a operations=1 units= server=adwords.google.com isFault=false faultMessage=null
[Dec 24 2015 15:33:30.000000 - INFO] effectiveUser=9398358267 service=ManagedCustomerService method=get operators={} responseTime=235 requestId=000527a4e2846eb80ac2f6215002a230 operations=1 units= server=adwords.google.com isFault=false faultMessage=null
[Dec 24 2015 15:33:31.000000 - INFO] effectiveUser=9398358267 service=CampaignService method=get operators={} responseTime=201 requestId=000527a4e28e75200a8166879f03ae41 operations=1 units= server=adwords.google.com isFault=false faultMessage=null
[Dec 24 2015 15:36:05.000000 - INFO] effectiveUser=9398358267 service=ManagedCustomerService method=get operators={} responseTime=149 requestId=000527a4ebc0f7090ac27a28160da9d4 operations=1 units= server=adwords.google.com isFault=false faultMessage=null
[Dec 24 2015 15:36:06.000000 - INFO] effectiveUser=9398358267 service=CampaignService method=get operators={} responseTime=111 requestId=000527a4ebca6ce80a0dc002b204f2d0 operations=1 units= server=adwords.google.com isFault=false faultMessage=null
[Dec 24 2015 16:06:18.000000 - INFO] effectiveUser=9398358267 service=CampaignService method=get operators={} responseTime=265 requestId=000527a557b6e3a00a815387af0930b2 operations=1 units= server=adwords.google.com isFault=false faultMessage=null
[Dec 24 2015 16:06:20.000000 - ERROR] effectiveUser=9398358267 service=AdGroupAdService method=get operators={} responseTime=47 requestId=000527a557d57ba80a0dcc4a1f0c3488 operations=1 units= server=adwords.google.com isFault=true faultMessage=[SelectorError.INVALID_SORT_FIELD_NAME @ ; trigger:'Sorting is not supported for field: Name']
[Dec 24 2015 16:08:13.000000 - INFO] effectiveUser=9398358267 service=CampaignService method=get operators={} responseTime=119 requestId=000527a55e9455e00a0dcc4a1f0c3488 operations=1 units= server=adwords.google.com isFault=false faultMessage=null
[Dec 24 2015 16:08:15.000000 - INFO] effectiveUser=9398358267 service=AdGroupAdService method=get operators={} responseTime=311 requestId=000527a55ead15d00a0dcc4a1f0c3488 operations=1 units= server=adwords.google.com isFault=false faultMessage=null
[Dec 24 2015 16:20:05.000000 - INFO] effectiveUser=9398358267 service=AdGroupAdService method=get operators={} responseTime=262 requestId=000527a588f92a180a0ddb52ba053309 operations=1 units= server=adwords.google.com isFault=false faultMessage=null
[Dec 24 2015 16:22:38.000000 - INFO] effectiveUser=9398358267 service=AdGroupAdService method=get operators={} responseTime=268 requestId=000527a5921b67f00a0dcc4a1f0c3488 operations=1 units= server=adwords.google.com isFault=false faultMessage=null
[Dec 24 2015 16:23:15.000000 - INFO] effectiveUser=9398358267 service=AdGroupAdService method=get operators={} responseTime=252 requestId=000527a59458b9780a0ddb52ba053309 operations=1 units= server=adwords.google.com isFault=false faultMessage=null
[Dec 24 2015 16:24:10.000000 - INFO] effectiveUser=9398358267 service=AdGroupAdService method=get operators={} responseTime=67 requestId=000527a597a417d00a8122867b0ef1bc operations=1 units= server=adwords.google.com isFault=false faultMessage=null
[Dec 24 2015 16:25:40.000000 - INFO] effectiveUser=9398358267 service=AdGroupAdService method=get operators={} responseTime=264 requestId=000527a59cf58b100a0dcad4ba07d09d operations=1 units= server=adwords.google.com isFault=false faultMessage=null
[Dec 24 2015 16:29:52.000000 - INFO] effectiveUser=9398358267 service=AdGroupAdService method=get operators={} responseTime=418 requestId=000527a5abf724490a0dcb0b14016f61 operations=1 units= server=adwords.google.com isFault=false faultMessage=null
[Dec 24 2015 16:30:31.000000 - INFO] effectiveUser=9398358267 service=AdGroupAdService method=get operators={} responseTime=137 requestId=000527a5ae54f6210a0ddf8f0c0e6946 operations=1 units= server=adwords.google.com isFault=false faultMessage=null
[Dec 24 2015 16:37:11.000000 - ERROR] effectiveUser=9398358267 service=AdGroupAdService method=mutate operators={ADD: 1} responseTime=197 requestId=000527a5c620ae990a0df982170380e1 operations=1 units= server=adwords.google.com isFault=true faultMessage=[AdError.INVALID_YOUTUBE_DISPLAY_URL @ operations[0].operand.ad.displayUrl, AdError.EMPTY_FIELD @ operations[0].operand.ad.templateElements[0].fields[3].fieldMedia.mediaId; trigger:'<null>', AdError.INVALID_FIELD_TEXT @ operations[0].operand.ad.templateElements[0].fields[7].fieldText; trigger:'http://scf.etb.ht/graphics/new-design/logos/logo_primary_white.png', UrlError.INVALID_FINAL_URL @ operations[0].operand.ad.finalUrls[0]; trigger:'http://www.easytobook.com']
[Dec 24 2015 17:17:29.000000 - ERROR] effectiveUser=9398358267 service=MediaService method=upload operators={} responseTime=181 requestId=000527a6564b34e80a8162c6c303a79e operations=1 units= server=adwords.google.com isFault=true faultMessage=[MediaError.UNSUPPORTED_TYPE @ media[0]]
[Dec 24 2015 17:17:47.000000 - ERROR] effectiveUser=9398358267 service=MediaService method=upload operators={} responseTime=211 requestId=000527a6575ec3e00a8122867b0ef1bc operations=1 units= server=adwords.google.com isFault=true faultMessage=[MediaError.UNSUPPORTED_TYPE @ media[0]]
[Dec 27 2015 12:51:34.000000 - INFO] effectiveUser=9398358267 service=AdGroupAdService method=get operators={} responseTime=351 requestId=000527def8d327600a817543940566d8 operations=1 units= server=adwords.google.com isFault=false faultMessage=null
[Dec 27 2015 12:51:37.000000 - INFO] effectiveUser=9398358267 service=MediaService method=get operators={IN: 1} responseTime=68 requestId=000527def8fbe5110a0dcb0b14016f61 operations=1 units= server=adwords.google.com isFault=false faultMessage=null
[Dec 27 2015 12:53:02.000000 - INFO] effectiveUser=9398358267 service=AdGroupAdService method=get operators={} responseTime=261 requestId=000527defe1155080a819f4a720c5382 operations=1 units= server=adwords.google.com isFault=false faultMessage=null
[Dec 27 2015 12:53:04.000000 - INFO] effectiveUser=9398358267 service=MediaService method=get operators={IN: 1} responseTime=135 requestId=000527defe31e8e00a0de085c70e9c9a operations=1 units= server=adwords.google.com isFault=false faultMessage=null
[Dec 27 2015 13:55:44.000000 - ERROR] effectiveUser=9398358267 service=AdGroupAdService method=mutate operators={ADD: 1} responseTime=140 requestId=000527dfde4a3dd80a0de257200098bb operations=1 units= server=adwords.google.com isFault=true faultMessage=[RequiredError.REQUIRED @ operations[0].operand.adGroupId]
[Dec 27 2015 13:56:12.000000 - ERROR] effectiveUser=9398358267 service=AdGroupAdService method=mutate operators={ADD: 1} responseTime=153 requestId=000527dfdff4d0f80a0ddf8f0c0e6946 operations=1 units= server=adwords.google.com isFault=true faultMessage=[EntityNotFound.INVALID_ID @ operations[0].operand.adGroupId; trigger:'AdGroupId: 83784104082']
[Dec 27 2015 13:59:04.000000 - ERROR] effectiveUser=9398358267 service=AdGroupAdService method=mutate operators={ADD: 1} responseTime=206 requestId=000527dfea3684a90a818487ad0bb3a0 operations=1 units= server=adwords.google.com isFault=true faultMessage=[AdError.INVALID_YOUTUBE_DISPLAY_URL @ operations[0].operand.ad.displayUrl, AdError.INVALID_FIELD_TEXT @ operations[0].operand.ad.templateElements[0].fields[7].fieldText; trigger:'http://scf.etb.ht/graphics/new-design/logos/logo_primary_white.png', UrlError.INVALID_FINAL_URL @ operations[0].operand.ad.finalUrls[0]; trigger:'http://www.easytobook.com/video']
[Dec 27 2015 14:08:38.000000 - INFO] effectiveUser=9398358267 service=AdGroupAdService method=get operators={} responseTime=287 requestId=000527e00c6d1fc80a0de257200098bb operations=1 units= server=adwords.google.com isFault=false faultMessage=null
[Dec 27 2015 14:08:40.000000 - INFO] effectiveUser=9398358267 service=MediaService method=get operators={IN: 1} responseTime=133 requestId=000527e00c885c700a0ddb52ba053309 operations=1 units= server=adwords.google.com isFault=false faultMessage=null
[Dec 27 2015 14:08:52.000000 - ERROR] effectiveUser=9398358267 service=AdGroupAdService method=mutate operators={ADD: 1} responseTime=166 requestId=000527e00d3ac0680a8104d2db033899 operations=1 units= server=adwords.google.com isFault=true faultMessage=[AdError.INVALID_YOUTUBE_DISPLAY_URL @ operations[0].operand.ad.displayUrl, AdError.INVALID_FIELD_TEXT @ operations[0].operand.ad.templateElements[0].fields[7].fieldText; trigger:'http://scf.etb.ht/graphics/new-design/logos/logo_primary_white.png', UrlError.INVALID_FINAL_URL @ operations[0].operand.ad.finalUrls[0]; trigger:'http://www.easytobook.com/video']
[Dec 27 2015 14:12:48.000000 - ERROR] effectiveUser=9398358267 service=AdGroupAdService method=mutate operators={ADD: 1} responseTime=108 requestId=000527e01b4f26f90a8192c89402fa70 operations=1 units= server=adwords.google.com isFault=true faultMessage=[AdError.INVALID_YOUTUBE_DISPLAY_URL @ operations[0].operand.ad.displayUrl, AdError.INVALID_FIELD_TEXT @ operations[0].operand.ad.templateElements[0].fields[7].fieldText; trigger:'http://scf.etb.ht/graphics/new-design/logos/logo_primary_white.png', UrlError.INVALID_FINAL_URL @ operations[0].operand.ad.finalUrls[0]; trigger:'http://www.easytobook.com/video']
[Dec 27 2015 14:16:45.000000 - ERROR] effectiveUser=9398358267 service=AdGroupAdService method=mutate operators={ADD: 1} responseTime=192 requestId=000527e02975d5390a8198433b06bb12 operations=1 units= server=adwords.google.com isFault=true faultMessage=[AdError.INVALID_YOUTUBE_DISPLAY_URL @ operations[0].operand.ad.displayUrl, AdError.INVALID_FIELD_TEXT @ operations[0].operand.ad.templateElements[0].fields[7].fieldText; trigger:'http://scf.etb.ht/graphics/new-design/logos/logo_primary_white.png', UrlError.INVALID_FINAL_URL @ operations[0].operand.ad.finalUrls[0]; trigger:'http://www.easytobook.com/video']
[Dec 27 2015 14:45:06.000000 - INFO] effectiveUser=9398358267 service=AdGroupAdService method=get operators={} responseTime=377 requestId=000527e08ed2ceb80a819f83590a33b1 operations=1 units= server=adwords.google.com isFault=false faultMessage=null
[Dec 27 2015 14:45:08.000000 - INFO] effectiveUser=9398358267 service=MediaService method=get operators={IN: 1} responseTime=65 requestId=000527e08eee9be90a8192c67807bc83 operations=1 units= server=adwords.google.com isFault=false faultMessage=null
[Dec 27 2015 16:03:09.000000 - INFO] effectiveUser=9398358267 service=AdGroupAdService method=get operators={} responseTime=280 requestId=000527e1a5fa52e00a0dda868402a539 operations=1 units= server=adwords.google.com isFault=false faultMessage=null
[Dec 27 2015 16:04:15.000000 - INFO] effectiveUser=9398358267 service=AdGroupAdService method=get operators={} responseTime=255 requestId=000527e1a9e03fa10a812958f20995e7 operations=1 units= server=adwords.google.com isFault=false faultMessage=null
[Dec 27 2015 16:04:16.000000 - INFO] effectiveUser=9398358267 service=MediaService method=get operators={IN: 1} responseTime=71 requestId=000527e1a9f8e8200a8182447c0fc358 operations=1 units= server=adwords.google.com isFault=false faultMessage=null
[Dec 27 2015 16:05:07.000000 - INFO] effectiveUser=9398358267 service=AdGroupAdService method=get operators={} responseTime=56 requestId=000527e1ad05bea90a816d82fb064a31 operations=1 units= server=adwords.google.com isFault=false faultMessage=null
[Dec 27 2015 16:05:09.000000 - INFO] effectiveUser=9398358267 service=MediaService method=get operators={IN: 1} responseTime=56 requestId=000527e1ad1e63400a8126c33d09081a operations=1 units= server=adwords.google.com isFault=false faultMessage=null
[Dec 27 2015 16:05:53.000000 - INFO] effectiveUser=9398358267 service=AdGroupAdService method=get operators={} responseTime=191 requestId=000527e1afbb0b080a0dee072c093fff operations=1 units= server=adwords.google.com isFault=false faultMessage=null
[Dec 27 2015 16:05:55.000000 - INFO] effectiveUser=9398358267 service=MediaService method=get operators={IN: 1} responseTime=233 requestId=000527e1afd780300a8192c67807bc83 operations=1 units= server=adwords.google.com isFault=false faultMessage=null
[Dec 28 2015 09:07:44.000000 - INFO] effectiveUser=9398358267 service=AdGroupAdService method=get operators={} responseTime=338 requestId=000527eff61cd1400a8133d2ee0b14c5 operations=1 units= server=adwords.google.com isFault=false faultMessage=null
[Dec 28 2015 09:07:45.000000 - INFO] effectiveUser=9398358267 service=MediaService method=get operators={IN: 1} responseTime=90 requestId=000527eff63b55c00a814b49c402156c operations=1 units= server=adwords.google.com isFault=false faultMessage=null
[Dec 28 2015 09:52:15.000000 - INFO] effectiveUser=9398358267 service=AdGroupAdService method=get operators={} responseTime=425 requestId=000527f0955c9fd90a813908210c8a68 operations=1 units= server=adwords.google.com isFault=false faultMessage=null
[Dec 28 2015 09:52:17.000000 - INFO] effectiveUser=9398358267 service=MediaService method=get operators={IN: 1} responseTime=170 requestId=000527f0957b14b80a0df4427b024830 operations=1 units= server=adwords.google.com isFault=false faultMessage=null
[Dec 28 2015 09:52:58.000000 - INFO] effectiveUser=9398358267 service=AdGroupAdService method=get operators={} responseTime=85 requestId=000527f097eb07300a81518e7a00f0c1 operations=1 units= server=adwords.google.com isFault=false faultMessage=null
[Dec 28 2015 09:52:59.000000 - INFO] effectiveUser=9398358267 service=MediaService method=get operators={IN: 1} responseTime=66 requestId=000527f09801d3210a818986860edf6d operations=1 units= server=adwords.google.com isFault=false faultMessage=null
[Dec 28 2015 09:53:10.000000 - INFO] effectiveUser=9398358267 service=AdGroupAdService method=get operators={} responseTime=71 requestId=000527f098aac1380a81350397045f19 operations=1 units= server=adwords.google.com isFault=false faultMessage=null
[Dec 28 2015 09:53:12.000000 - INFO] effectiveUser=9398358267 service=MediaService method=get operators={IN: 1} responseTime=67 requestId=000527f098c1d7600a814f4652084c47 operations=1 units= server=adwords.google.com isFault=false faultMessage=null
[Dec 28 2015 10:01:59.000000 - INFO] effectiveUser=9398358267 service=AdGroupAdService method=get operators={} responseTime=338 requestId=000527f0b82f5bb90a8146550a06bb67 operations=1 units= server=adwords.google.com isFault=false faultMessage=null
[Dec 28 2015 10:02:01.000000 - INFO] effectiveUser=9398358267 service=MediaService method=get operators={IN: 1} responseTime=155 requestId=000527f0b84db5400a812e080f0ab2cd operations=1 units= server=adwords.google.com isFault=false faultMessage=null
[Dec 28 2015 10:05:29.000000 - INFO] effectiveUser=9398358267 service=AdGroupAdService method=get operators={} responseTime=225 requestId=000527f0c4b67f100a8162c6c303a79e operations=1 units= server=adwords.google.com isFault=false faultMessage=null
[Dec 28 2015 10:05:31.000000 - INFO] effectiveUser=9398358267 service=MediaService method=get operators={IN: 1} responseTime=89 requestId=000527f0c4d025790a0dce41770b46a5 operations=1 units= server=adwords.google.com isFault=false faultMessage=null
[Dec 28 2015 10:06:06.000000 - INFO] effectiveUser=9398358267 service=AdGroupAdService method=get operators={} responseTime=129 requestId=000527f0c6e0aa410a8126c33d09081a operations=1 units= server=adwords.google.com isFault=false faultMessage=null
[Dec 28 2015 10:06:07.000000 - INFO] effectiveUser=9398358267 service=MediaService method=get operators={IN: 1} responseTime=88 requestId=000527f0c6fb5e310a0deb01d00eba8a operations=1 units= server=adwords.google.com isFault=false faultMessage=null
[Dec 28 2015 10:07:21.000000 - INFO] effectiveUser=9398358267 service=AdGroupAdService method=get operators={} responseTime=240 requestId=000527f0cb56dc980a81518e7a00f0c1 operations=1 units= server=adwords.google.com isFault=false faultMessage=null
[Dec 28 2015 10:07:22.000000 - INFO] effectiveUser=9398358267 service=MediaService method=get operators={IN: 1} responseTime=93 requestId=000527f0cb7224f80a8162c6c303a79e operations=1 units= server=adwords.google.com isFault=false faultMessage=null
[Dec 28 2015 10:07:57.000000 - INFO] effectiveUser=9398358267 service=AdGroupAdService method=get operators={} responseTime=204 requestId=000527f0cd86b4e80a0dcc4a1f0c3488 operations=1 units= server=adwords.google.com isFault=false faultMessage=null
[Dec 28 2015 10:07:59.000000 - INFO] effectiveUser=9398358267 service=MediaService method=get operators={IN: 1} responseTime=95 requestId=000527f0cda0ff600a819f83590a33b1 operations=1 units= server=adwords.google.com isFault=false faultMessage=null
[Dec 28 2015 10:14:30.000000 - INFO] effectiveUser=9398358267 service=AdGroupAdService method=get operators={} responseTime=294 requestId=000527f0e4efdb000a8134415c0881b6 operations=1 units= server=adwords.google.com isFault=false faultMessage=null
[Dec 28 2015 10:14:32.000000 - INFO] effectiveUser=9398358267 service=MediaService method=get operators={IN: 1} responseTime=97 requestId=000527f0e50ae4e00a8104151407c62f operations=1 units= server=adwords.google.com isFault=false faultMessage=null
[Dec 28 2015 10:15:18.000000 - INFO] effectiveUser=9398358267 service=AdGroupAdService method=get operators={} responseTime=79 requestId=000527f0e7c79f980a0dd1812707222d operations=1 units= server=adwords.google.com isFault=false faultMessage=null
[Dec 28 2015 10:15:19.000000 - INFO] effectiveUser=9398358267 service=MediaService method=get operators={IN: 1} responseTime=167 requestId=000527f0e7df4a300a0dc387f801d283 operations=1 units= server=adwords.google.com isFault=false faultMessage=null
[Dec 28 2015 10:17:28.000000 - INFO] effectiveUser=9398358267 service=AdGroupAdService method=get operators={} responseTime=284 requestId=000527f0ef86f5f80a816d82fb064a31 operations=1 units= server=adwords.google.com isFault=false faultMessage=null
[Dec 28 2015 10:19:43.000000 - INFO] effectiveUser=9398358267 service=AdGroupAdService method=get operators={} responseTime=192 requestId=000527f0f7958d680a8126c33d09081a operations=1 units= server=adwords.google.com isFault=false faultMessage=null
[Dec 28 2015 10:19:45.000000 - INFO] effectiveUser=9398358267 service=MediaService method=get operators={IN: 1} responseTime=161 requestId=000527f0f7b212310a813089650fe41b operations=1 units= server=adwords.google.com isFault=false faultMessage=null
[Dec 28 2015 10:29:14.000000 - INFO] effectiveUser=9398358267 service=AdGroupAdService method=get operators={} responseTime=242 requestId=000527f119a7c4210a0dfd44b20dfb48 operations=1 units= server=adwords.google.com isFault=false faultMessage=null
[Dec 28 2015 10:29:17.000000 - INFO] effectiveUser=9398358267 service=MediaService method=get operators={IN: 1} responseTime=191 requestId=000527f119cc67090ac45d8465068bcb operations=1 units= server=adwords.google.com isFault=false faultMessage=null
[Dec 28 2015 10:29:36.000000 - INFO] effectiveUser=9398358267 service=AdGroupAdService method=get operators={} responseTime=72 requestId=000527f11af259090ac4418733079d58 operations=1 units= server=adwords.google.com isFault=false faultMessage=null
[Dec 28 2015 10:29:38.000000 - INFO] effectiveUser=9398358267 service=MediaService method=get operators={IN: 1} responseTime=78 requestId=000527f11b1500200ac50a615e09eef2 operations=1 units= server=adwords.google.com isFault=false faultMessage=null
[Dec 28 2015 10:59:51.000000 - INFO] effectiveUser=9398358267 service=CampaignService method=get operators={} responseTime=223 requestId=000527f187277d3b0a816d0f9f0c5bb0 operations=1 units= server=adwords.google.com isFault=false faultMessage=null
[Dec 28 2015 10:59:54.000000 - INFO] effectiveUser=9398358267 service=AdGroupAdService method=get operators={IN: 1} responseTime=271 requestId=000527f1874c85b00a818986860edf6d operations=1 units= server=adwords.google.com isFault=false faultMessage=null
[Dec 28 2015 10:59:56.000000 - INFO] effectiveUser=9398358267 service=MediaService method=get operators={IN: 1} responseTime=170 requestId=000527f1876d9a700a814f4652084c47 operations=1 units= server=adwords.google.com isFault=false faultMessage=null
[Dec 28 2015 11:02:20.000000 - INFO] effectiveUser=9398358267 service=CampaignService method=get operators={} responseTime=142 requestId=000527f19005dc110a815387af0930b2 operations=1 units= server=adwords.google.com isFault=false faultMessage=null
[Dec 28 2015 11:02:22.000000 - INFO] effectiveUser=9398358267 service=AdGroupAdService method=get operators={IN: 1} responseTime=194 requestId=000527f1902449200a8192c89402fa70 operations=1 units= server=adwords.google.com isFault=false faultMessage=null
[Dec 28 2015 11:02:24.000000 - INFO] effectiveUser=9398358267 service=MediaService method=get operators={IN: 1} responseTime=97 requestId=000527f1903ef5400a814885a40e2297 operations=1 units= server=adwords.google.com isFault=false faultMessage=null
[Dec 28 2015 11:02:50.000000 - INFO] effectiveUser=9398358267 service=CampaignService method=get operators={} responseTime=77 requestId=000527f191cfb7000a814a8b3f0cb1fc operations=1 units= server=adwords.google.com isFault=false faultMessage=null
[Dec 28 2015 11:02:53.000000 - INFO] effectiveUser=9398358267 service=AdGroupAdService method=get operators={IN: 1} responseTime=197 requestId=000527f191ff69f00a0df982170380e1 operations=1 units= server=adwords.google.com isFault=false faultMessage=null
[Dec 28 2015 11:02:55.000000 - INFO] effectiveUser=9398358267 service=MediaService method=get operators={IN: 1} responseTime=72 requestId=000527f1921cb5f00a8166879f03ae41 operations=1 units= server=adwords.google.com isFault=false faultMessage=null
[Dec 28 2015 11:04:08.000000 - INFO] effectiveUser=9398358267 service=CampaignService method=get operators={} responseTime=112 requestId=000527f1967c95700a0dd1812707222d operations=1 units= server=adwords.google.com isFault=false faultMessage=null
[Dec 28 2015 11:04:10.000000 - INFO] effectiveUser=9398358267 service=AdGroupAdService method=get operators={IN: 1} responseTime=190 requestId=000527f19696dc000a813908210c8a68 operations=1 units= server=adwords.google.com isFault=false faultMessage=null
[Dec 28 2015 11:04:12.000000 - INFO] effectiveUser=9398358267 service=MediaService method=get operators={IN: 1} responseTime=102 requestId=000527f196b07e800a8134415c0881b6 operations=1 units= server=adwords.google.com isFault=false faultMessage=null
[Dec 28 2015 11:05:42.000000 - INFO] effectiveUser=9398358267 service=CampaignService method=get operators={} responseTime=194 requestId=000527f19c0afe290a816cc7bb0bd305 operations=1 units= server=adwords.google.com isFault=false faultMessage=null
[Dec 28 2015 11:05:44.000000 - INFO] effectiveUser=9398358267 service=AdGroupAdService method=get operators={IN: 1} responseTime=179 requestId=000527f19c32d5600a815b09e7028cbe operations=1 units= server=adwords.google.com isFault=false faultMessage=null
[Dec 28 2015 11:05:46.000000 - INFO] effectiveUser=9398358267 service=MediaService method=get operators={IN: 1} responseTime=165 requestId=000527f19c4fe6c80a818487ad0bb3a0 operations=1 units= server=adwords.google.com isFault=false faultMessage=null
[Dec 28 2015 11:06:09.000000 - INFO] effectiveUser=9398358267 service=CampaignService method=get operators={} responseTime=70 requestId=000527f19da7d9900a81370907088f10 operations=1 units= server=adwords.google.com isFault=false faultMessage=null
[Dec 28 2015 11:06:10.000000 - INFO] effectiveUser=9398358267 service=AdGroupAdService method=get operators={IN: 1} responseTime=81 requestId=000527f19dc2c4300a0dd4cf7d0cfdc4 operations=1 units= server=adwords.google.com isFault=false faultMessage=null
[Dec 28 2015 11:06:12.000000 - INFO] effectiveUser=9398358267 service=MediaService method=get operators={IN: 1} responseTime=123 requestId=000527f19ddad4580a0dc5c61a0c2434 operations=1 units= server=adwords.google.com isFault=false faultMessage=null
[Dec 28 2015 11:06:33.000000 - INFO] effectiveUser=9398358267 service=CampaignService method=get operators={} responseTime=79 requestId=000527f19f1b9d710a0dee072c093fff operations=1 units= server=adwords.google.com isFault=false faultMessage=null
[Dec 28 2015 11:06:35.000000 - INFO] effectiveUser=9398358267 service=AdGroupAdService method=get operators={IN: 1} responseTime=332 requestId=000527f19f39c8180a0dee072c093fff operations=1 units= server=adwords.google.com isFault=false faultMessage=null
[Dec 28 2015 11:06:37.000000 - INFO] effectiveUser=9398358267 service=MediaService method=get operators={IN: 1} responseTime=73 requestId=000527f19f5395900a0df6c4740d46cb operations=1 units= server=adwords.google.com isFault=false faultMessage=null
[Dec 28 2015 11:07:05.000000 - INFO] effectiveUser=9398358267 service=CampaignService method=get operators={} responseTime=271 requestId=000527f1a1012a380a0dd681870d3c79 operations=1 units= server=adwords.google.com isFault=false faultMessage=null
[Dec 28 2015 11:07:07.000000 - INFO] effectiveUser=9398358267 service=AdGroupAdService method=get operators={IN: 1} responseTime=191 requestId=000527f1a11dd6110a0deb01d00eba8a operations=1 units= server=adwords.google.com isFault=false faultMessage=null
[Dec 28 2015 11:07:08.000000 - INFO] effectiveUser=9398358267 service=MediaService method=get operators={IN: 1} responseTime=110 requestId=000527f1a13770c00a815c08d40661ea operations=1 units= server=adwords.google.com isFault=false faultMessage=null
[Dec 28 2015 11:07:51.000000 - INFO] effectiveUser=9398358267 service=CampaignService method=get operators={} responseTime=71 requestId=000527f1a3c5ff280a816d82fb064a31 operations=1 units= server=adwords.google.com isFault=false faultMessage=null
[Dec 28 2015 11:07:55.000000 - INFO] effectiveUser=9398358267 service=AdGroupAdService method=get operators={IN: 1} responseTime=194 requestId=000527f1a3f763b10a0df4427b024830 operations=1 units= server=adwords.google.com isFault=false faultMessage=null
[Dec 28 2015 11:07:57.000000 - INFO] effectiveUser=9398358267 service=MediaService method=get operators={IN: 1} responseTime=88 requestId=000527f1a418e9b80a816146d101684c operations=1 units= server=adwords.google.com isFault=false faultMessage=null
[Dec 28 2015 11:12:30.000000 - INFO] effectiveUser=9398358267 service=CampaignService method=get operators={} responseTime=185 requestId=000527f1b461c0600a0dcad4ba07d09d operations=1 units= server=adwords.google.com isFault=false faultMessage=null
[Dec 28 2015 11:12:32.000000 - INFO] effectiveUser=9398358267 service=AdGroupAdService method=get operators={IN: 1} responseTime=249 requestId=000527f1b47fa0d00a0dce41770b46a5 operations=1 units= server=adwords.google.com isFault=false faultMessage=null
[Dec 28 2015 11:12:34.000000 - INFO] effectiveUser=9398358267 service=MediaService method=get operators={IN: 1} responseTime=87 requestId=000527f1b49f13990a8114d3d503a138 operations=1 units= server=adwords.google.com isFault=false faultMessage=null
[Dec 28 2015 11:13:08.000000 - INFO] effectiveUser=9398358267 service=CampaignService method=get operators={} responseTime=74 requestId=000527f1b6a43a380a8199901f0d8b64 operations=1 units= server=adwords.google.com isFault=false faultMessage=null
[Dec 28 2015 11:13:10.000000 - INFO] effectiveUser=9398358267 service=AdGroupAdService method=get operators={IN: 1} responseTime=265 requestId=000527f1b6bf09800a81910afd0a8d48 operations=1 units= server=adwords.google.com isFault=false faultMessage=null
[Dec 28 2015 11:13:11.000000 - INFO] effectiveUser=9398358267 service=MediaService method=get operators={IN: 1} responseTime=96 requestId=000527f1b6daafa00a814e94ef03410f operations=1 units= server=adwords.google.com isFault=false faultMessage=null
[Dec 28 2015 11:18:46.000000 - INFO] effectiveUser=9398358267 service=CampaignService method=get operators={} responseTime=339 requestId=000527f1cac2bd780a819c08e4055973 operations=1 units= server=adwords.google.com isFault=false faultMessage=null
[Dec 28 2015 11:18:48.000000 - INFO] effectiveUser=9398358267 service=AdGroupAdService method=get operators={IN: 1} responseTime=186 requestId=000527f1cae145e00a814a8b3f0cb1fc operations=1 units= server=adwords.google.com isFault=false faultMessage=null
[Dec 28 2015 11:18:49.000000 - INFO] effectiveUser=9398358267 service=MediaService method=get operators={IN: 1} responseTime=88 requestId=000527f1cafa2ce00a0ddf8f0c0e6946 operations=1 units= server=adwords.google.com isFault=false faultMessage=null
[Dec 28 2015 11:20:39.000000 - INFO] effectiveUser=9398358267 service=CampaignService method=get operators={} responseTime=117 requestId=000527f1d18eedc00a8155c92e0f3f19 operations=1 units= server=adwords.google.com isFault=false faultMessage=null
[Dec 28 2015 11:20:41.000000 - INFO] effectiveUser=9398358267 service=AdGroupAdService method=get operators={IN: 1} responseTime=211 requestId=000527f1d1a826c80a0df146080e58b5 operations=1 units= server=adwords.google.com isFault=false faultMessage=null
[Dec 28 2015 11:20:43.000000 - INFO] effectiveUser=9398358267 service=MediaService method=get operators={IN: 1} responseTime=142 requestId=000527f1d1c3f7e10a0ddb52ba053309 operations=1 units= server=adwords.google.com isFault=false faultMessage=null
[Dec 28 2015 11:22:53.000000 - INFO] effectiveUser=9398358267 service=CampaignService method=get operators={} responseTime=172 requestId=000527f1d98644100a81350397045f19 operations=1 units= server=adwords.google.com isFault=false faultMessage=null
[Dec 28 2015 11:22:55.000000 - INFO] effectiveUser=9398358267 service=AdGroupAdService method=get operators={IN: 1} responseTime=172 requestId=000527f1d9a83b610a8198433b06bb12 operations=1 units= server=adwords.google.com isFault=false faultMessage=null
[Dec 28 2015 11:22:57.000000 - INFO] effectiveUser=9398358267 service=MediaService method=get operators={IN: 1} responseTime=103 requestId=000527f1d9c220480a0dd1812707222d operations=1 units= server=adwords.google.com isFault=false faultMessage=null
[Dec 28 2015 11:25:20.000000 - INFO] effectiveUser=9398358267 service=CampaignService method=get operators={} responseTime=178 requestId=000527f1e24530200a814746d40f2114 operations=1 units= server=adwords.google.com isFault=false faultMessage=null
[Dec 28 2015 11:25:22.000000 - INFO] effectiveUser=9398358267 service=AdGroupAdService method=get operators={IN: 1} responseTime=362 requestId=000527f1e26124600a819f4a720c5382 operations=1 units= server=adwords.google.com isFault=false faultMessage=null
[Dec 28 2015 11:25:24.000000 - INFO] effectiveUser=9398358267 service=MediaService method=get operators={IN: 1} responseTime=90 requestId=000527f1e2810c580a815b09e7028cbe operations=1 units= server=adwords.google.com isFault=false faultMessage=null
[Dec 28 2015 11:25:56.000000 - INFO] effectiveUser=9398358267 service=CampaignService method=get operators={} responseTime=157 requestId=000527f1e46823a80a814b49c402156c operations=1 units= server=adwords.google.com isFault=false faultMessage=null
[Dec 28 2015 11:25:58.000000 - INFO] effectiveUser=9398358267 service=AdGroupAdService method=get operators={IN: 1} responseTime=198 requestId=000527f1e48325b80a0dcf03160a3c83 operations=1 units= server=adwords.google.com isFault=false faultMessage=null
[Dec 28 2015 11:25:59.000000 - INFO] effectiveUser=9398358267 service=MediaService method=get operators={IN: 1} responseTime=68 requestId=000527f1e49c10a10a814f4652084c47 operations=1 units= server=adwords.google.com isFault=false faultMessage=null
[Dec 28 2015 11:26:18.000000 - INFO] effectiveUser=9398358267 service=CampaignService method=get operators={} responseTime=89 requestId=000527f1e5b7b9d00a819bc6910b423b operations=1 units= server=adwords.google.com isFault=false faultMessage=null
[Dec 28 2015 11:26:19.000000 - INFO] effectiveUser=9398358267 service=AdGroupAdService method=get operators={IN: 1} responseTime=78 requestId=000527f1e5d27d610a8152061901a270 operations=1 units= server=adwords.google.com isFault=false faultMessage=null
[Dec 28 2015 11:26:21.000000 - INFO] effectiveUser=9398358267 service=MediaService method=get operators={IN: 1} responseTime=77 requestId=000527f1e5eabc690a81940368012e34 operations=1 units= server=adwords.google.com isFault=false faultMessage=null
[Dec 28 2015 11:26:55.000000 - INFO] effectiveUser=9398358267 service=CampaignService method=get operators={} responseTime=113 requestId=000527f1e7f7e9b80a81370907088f10 operations=1 units= server=adwords.google.com isFault=false faultMessage=null
[Dec 28 2015 11:27:00.000000 - INFO] effectiveUser=9398358267 service=AdGroupAdService method=get operators={IN: 1} responseTime=188 requestId=000527f1e83d89f10a0df6c4740d46cb operations=1 units= server=adwords.google.com isFault=false faultMessage=null
[Dec 28 2015 11:27:03.000000 - INFO] effectiveUser=9398358267 service=MediaService method=get operators={IN: 1} responseTime=91 requestId=000527f1e858d2510a8104d2db033899 operations=1 units= server=adwords.google.com isFault=false faultMessage=null
[Dec 28 2015 11:28:38.000000 - INFO] effectiveUser=9398358267 service=CampaignService method=get operators={} responseTime=105 requestId=000527f1ee137b280a0dffc569086658 operations=1 units= server=adwords.google.com isFault=false faultMessage=null
[Dec 28 2015 11:28:40.000000 - INFO] effectiveUser=9398358267 service=AdGroupAdService method=get operators={IN: 1} responseTime=187 requestId=000527f1ee376a600a0dd681870d3c79 operations=1 units= server=adwords.google.com isFault=false faultMessage=null
[Dec 28 2015 11:28:43.000000 - INFO] effectiveUser=9398358267 service=MediaService method=get operators={IN: 1} responseTime=177 requestId=000527f1ee5137d80a8191030d0ad48b operations=1 units= server=adwords.google.com isFault=false faultMessage=null
[Dec 28 2015 11:28:49.000000 - INFO] effectiveUser=9398358267 service=CampaignService method=get operators={} responseTime=122 requestId=000527f1eebc71110a0ddd86720f570e operations=1 units= server=adwords.google.com isFault=false faultMessage=null
[Dec 28 2015 11:28:51.000000 - INFO] effectiveUser=9398358267 service=AdGroupAdService method=get operators={IN: 1} responseTime=75 requestId=000527f1eed7b9700a0dcad4ba07d09d operations=1 units= server=adwords.google.com isFault=false faultMessage=null
[Dec 28 2015 11:28:53.000000 - INFO] effectiveUser=9398358267 service=MediaService method=get operators={IN: 1} responseTime=79 requestId=000527f1eef357c00a8192c89402fa70 operations=1 units= server=adwords.google.com isFault=false faultMessage=null
[Dec 28 2015 11:28:54.000000 - INFO] effectiveUser=9398358267 service=BudgetService method=mutate operators={ADD: 1} responseTime=148 requestId=000527f1ef0f19380a819d95f005f705 operations=1 units= server=adwords.google.com isFault=false faultMessage=null
[Dec 28 2015 11:28:56.000000 - ERROR] effectiveUser=9398358267 service=CampaignService method=mutate operators={ADD: 1} responseTime=59 requestId=000527f1ef2bfbc10a8127447e04532b operations=1 units= server=adwords.google.com isFault=true faultMessage=[RangeError.TOO_LOW @ operations[0].operand.id.id]
[Dec 28 2015 11:31:42.000000 - INFO] effectiveUser=9398358267 service=CampaignService method=get operators={} responseTime=179 requestId=000527f1f9098ab80a0dcc4a1f0c3488 operations=1 units= server=adwords.google.com isFault=false faultMessage=null
[Dec 28 2015 11:31:44.000000 - INFO] effectiveUser=9398358267 service=AdGroupAdService method=get operators={IN: 1} responseTime=184 requestId=000527f1f928a7910a81350397045f19 operations=1 units= server=adwords.google.com isFault=false faultMessage=null
[Dec 28 2015 11:31:46.000000 - INFO] effectiveUser=9398358267 service=MediaService method=get operators={IN: 1} responseTime=88 requestId=000527f1f94363510a8182447c0fc358 operations=1 units= server=adwords.google.com isFault=false faultMessage=null
[Dec 28 2015 11:33:35.000000 - INFO] effectiveUser=9398358267 service=CampaignService method=get operators={} responseTime=115 requestId=000527f1ffc148a00a0de8d63407f44f operations=1 units= server=adwords.google.com isFault=false faultMessage=null
[Dec 28 2015 11:33:38.000000 - INFO] effectiveUser=9398358267 service=AdGroupAdService method=get operators={IN: 1} responseTime=186 requestId=000527f1fff741090a0dce41770b46a5 operations=1 units= server=adwords.google.com isFault=false faultMessage=null
[Dec 28 2015 11:33:40.000000 - INFO] effectiveUser=9398358267 service=MediaService method=get operators={IN: 1} responseTime=241 requestId=000527f20017d8c80a814f4652084c47 operations=1 units= server=adwords.google.com isFault=false faultMessage=null
[Dec 28 2015 11:35:36.000000 - INFO] effectiveUser=9398358267 service=CampaignService method=get operators={} responseTime=98 requestId=000527f2070224180a81350397045f19 operations=1 units= server=adwords.google.com isFault=false faultMessage=null
[Dec 28 2015 11:35:38.000000 - INFO] effectiveUser=9398358267 service=AdGroupAdService method=get operators={IN: 1} responseTime=179 requestId=000527f20723e8a10a815d566d0d8f34 operations=1 units= server=adwords.google.com isFault=false faultMessage=null
[Dec 28 2015 11:35:40.000000 - INFO] effectiveUser=9398358267 service=MediaService method=get operators={IN: 1} responseTime=153 requestId=000527f2073f96910a814b49c402156c operations=1 units= server=adwords.google.com isFault=false faultMessage=null
[Dec 28 2015 11:35:43.000000 - INFO] effectiveUser=9398358267 service=BudgetService method=mutate operators={ADD: 1} responseTime=149 requestId=000527f207606cd00a0ddb52ba053309 operations=1 units= server=adwords.google.com isFault=false faultMessage=null
[Dec 28 2015 11:35:45.000000 - ERROR] effectiveUser=9398358267 service=CampaignService method=mutate operators={ADD: 1} responseTime=47 requestId=000527f2078640680a816146d101684c operations=1 units= server=adwords.google.com isFault=true faultMessage=[RangeError.TOO_LOW @ operations[0].operand.id.id]
[Dec 28 2015 11:37:36.000000 - INFO] effectiveUser=9398358267 service=CampaignService method=get operators={} responseTime=180 requestId=000527f20e24f8100ac4bfaaf903781a operations=1 units= server=adwords.google.com isFault=false faultMessage=null
[Dec 28 2015 11:37:38.000000 - INFO] effectiveUser=9398358267 service=AdGroupAdService method=get operators={IN: 1} responseTime=175 requestId=000527f20e4a00880ac4b9063505fd97 operations=1 units= server=adwords.google.com isFault=false faultMessage=null
[Dec 28 2015 11:37:41.000000 - INFO] effectiveUser=9398358267 service=MediaService method=get operators={IN: 1} responseTime=89 requestId=000527f20e6a8c900ac502e7fe0d3339 operations=1 units= server=adwords.google.com isFault=false faultMessage=null
[Dec 28 2015 11:37:48.000000 - INFO] effectiveUser=9398358267 service=CampaignService method=get operators={} responseTime=75 requestId=000527f20ee54e580ac4dc62a10c4344 operations=1 units= server=adwords.google.com isFault=false faultMessage=null
[Dec 28 2015 11:37:51.000000 - INFO] effectiveUser=9398358267 service=AdGroupAdService method=get operators={IN: 1} responseTime=67 requestId=000527f20f0b25d90ac4266a5a0560c5 operations=1 units= server=adwords.google.com isFault=false faultMessage=null
[Dec 28 2015 11:37:53.000000 - INFO] effectiveUser=9398358267 service=MediaService method=get operators={IN: 1} responseTime=72 requestId=000527f20f2b9e580ac4f7c93c0a6e27 operations=1 units= server=adwords.google.com isFault=false faultMessage=null
[Dec 28 2015 11:37:55.000000 - INFO] effectiveUser=9398358267 service=BudgetService method=mutate operators={ADD: 1} responseTime=129 requestId=000527f20f4702100ac50588850c42ca operations=1 units= server=adwords.google.com isFault=false faultMessage=null
[Dec 28 2015 11:37:57.000000 - INFO] effectiveUser=9398358267 service=CampaignService method=mutate operators={ADD: 1} responseTime=130 requestId=000527f20f6864f00ac4d763e80e2127 operations=1 units= server=adwords.google.com isFault=false faultMessage=null
[Dec 28 2015 11:38:01.000000 - INFO] effectiveUser=9398358267 service=CampaignService method=get operators={} responseTime=112 requestId=000527f20fa3eb380ac4890ac6012c93 operations=1 units= server=adwords.google.com isFault=false faultMessage=null
[Dec 28 2015 11:38:04.000000 - INFO] effectiveUser=9398358267 service=AdGroupAdService method=get operators={IN: 1} responseTime=190 requestId=000527f20fccc4400ac47ae23605f694 operations=1 units= server=adwords.google.com isFault=false faultMessage=null
[Dec 28 2015 11:38:06.000000 - INFO] effectiveUser=9398358267 service=AdGroupAdService method=get operators={IN: 1} responseTime=166 requestId=000527f20ff4fd210ac47ae1940e2bfe operations=1 units= server=adwords.google.com isFault=false faultMessage=null
[Dec 28 2015 11:38:08.000000 - INFO] effectiveUser=9398358267 service=MediaService method=get operators={IN: 1} responseTime=90 requestId=000527f2100f72910a8166879f03ae41 operations=1 units= server=adwords.google.com isFault=false faultMessage=null
[Dec 28 2015 11:48:04.000000 - INFO] effectiveUser=9398358267 service=CampaignService method=get operators={} responseTime=177 requestId=000527f23394ffc80a8152061901a270 operations=1 units= server=adwords.google.com isFault=false faultMessage=null
[Dec 28 2015 11:48:12.000000 - INFO] effectiveUser=9398358267 service=AdGroupAdService method=get operators={IN: 1} responseTime=207 requestId=000527f2341003f80a816d0f9f0c5bb0 operations=1 units= server=adwords.google.com isFault=false faultMessage=null
[Dec 28 2015 11:48:20.000000 - INFO] effectiveUser=9398358267 service=AdGroupAdService method=get operators={IN: 1} responseTime=199 requestId=000527f2348543980a0dd2822300d113 operations=1 units= server=adwords.google.com isFault=false faultMessage=null
[Dec 28 2015 11:48:25.000000 - INFO] effectiveUser=9398358267 service=MediaService method=get operators={IN: 1} responseTime=153 requestId=000527f234da1a580a816d0f9f0c5bb0 operations=1 units= server=adwords.google.com isFault=false faultMessage=null
[Dec 28 2015 11:49:01.000000 - INFO] effectiveUser=9398358267 service=CampaignService method=get operators={} responseTime=74 requestId=000527f236f7aaf80a8126c33d09081a operations=1 units= server=adwords.google.com isFault=false faultMessage=null
[Dec 28 2015 11:49:06.000000 - INFO] effectiveUser=9398358267 service=AdGroupAdService method=get operators={IN: 1} responseTime=71 requestId=000527f2374788480a0dd681870d3c79 operations=1 units= server=adwords.google.com isFault=false faultMessage=null
[Dec 28 2015 11:49:08.000000 - INFO] effectiveUser=9398358267 service=AdGroupAdService method=get operators={IN: 1} responseTime=66 requestId=000527f2376793680a816ccf64090b8f operations=1 units= server=adwords.google.com isFault=false faultMessage=null
[Dec 28 2015 11:49:10.000000 - INFO] effectiveUser=9398358267 service=MediaService method=get operators={IN: 1} responseTime=66 requestId=000527f2378489790a81370907088f10 operations=1 units= server=adwords.google.com isFault=false faultMessage=null
[Dec 28 2015 11:49:29.000000 - INFO] effectiveUser=9398358267 service=CampaignService method=get operators={} responseTime=109 requestId=000527f238a7b4880a8152061901a270 operations=1 units= server=adwords.google.com isFault=false faultMessage=null
[Dec 28 2015 11:49:32.000000 - INFO] effectiveUser=9398358267 service=AdGroupAdService method=get operators={IN: 1} responseTime=244 requestId=000527f238cc4bb80a8146550a06bb67 operations=1 units= server=adwords.google.com isFault=false faultMessage=null
[Dec 28 2015 11:49:34.000000 - INFO] effectiveUser=9398358267 service=AdGroupAdService method=get operators={IN: 1} responseTime=178 requestId=000527f238edcdd80a81910afd0a8d48 operations=1 units= server=adwords.google.com isFault=false faultMessage=null
[Dec 28 2015 11:49:36.000000 - INFO] effectiveUser=9398358267 service=MediaService method=get operators={IN: 1} responseTime=99 requestId=000527f2390a3b300a8156d7840d89de operations=1 units= server=adwords.google.com isFault=false faultMessage=null
[Dec 28 2015 13:20:26.000000 - INFO] effectiveUser=9398358267 service=CampaignService method=get operators={} responseTime=203 requestId=000527f37de08e700ac4ca47040946c6 operations=1 units= server=adwords.google.com isFault=false faultMessage=null
[Dec 28 2015 13:20:28.000000 - INFO] effectiveUser=9398358267 service=AdGroupAdService method=get operators={IN: 1} responseTime=191 requestId=000527f37e010ad80ac502c340029987 operations=1 units= server=adwords.google.com isFault=false faultMessage=null
[Dec 28 2015 13:20:30.000000 - INFO] effectiveUser=9398358267 service=AdGroupAdService method=get operators={IN: 1} responseTime=199 requestId=000527f37e2014280ac43a666f06bef3 operations=1 units= server=adwords.google.com isFault=false faultMessage=null
[Dec 28 2015 13:20:32.000000 - INFO] effectiveUser=9398358267 service=MediaService method=get operators={IN: 1} responseTime=120 requestId=000527f37e3a6e400ac4b5a9e8021e65 operations=1 units= server=adwords.google.com isFault=false faultMessage=null
[Dec 28 2015 13:21:32.000000 - INFO] effectiveUser=9398358267 service=CampaignService method=get operators={} responseTime=134 requestId=000527f381d77ac00ac415c7e20cb4d5 operations=1 units= server=adwords.google.com isFault=false faultMessage=null
[Dec 28 2015 13:21:34.000000 - INFO] effectiveUser=9398358267 service=AdGroupAdService method=get operators={IN: 1} responseTime=247 requestId=000527f381f4b7200ac4aea12803cccc operations=1 units= server=adwords.google.com isFault=false faultMessage=null
[Dec 28 2015 13:21:36.000000 - INFO] effectiveUser=9398358267 service=AdGroupAdService method=get operators={IN: 1} responseTime=170 requestId=000527f38211c4a10ac478238606fddb operations=1 units= server=adwords.google.com isFault=false faultMessage=null
[Dec 28 2015 13:21:38.000000 - INFO] effectiveUser=9398358267 service=MediaService method=get operators={IN: 1} responseTime=87 requestId=000527f38229e0800ac4cb43ca0e71a8 operations=1 units= server=adwords.google.com isFault=false faultMessage=null
[Dec 28 2015 13:50:47.000000 - INFO] effectiveUser=9398358267 service=AdGroupService method=mutate operators={ADD: 1} responseTime=208 requestId=000527f3ea6a2f890a819e449e0c624f operations=1 units= server=adwords.google.com isFault=false faultMessage=null
[Dec 28 2015 13:50:51.000000 - INFO] effectiveUser=9398358267 service=CampaignService method=get operators={} responseTime=130 requestId=000527f3eaa295080a0ddd86720f570e operations=1 units= server=adwords.google.com isFault=false faultMessage=null
[Dec 28 2015 13:50:53.000000 - INFO] effectiveUser=9398358267 service=AdGroupAdService method=get operators={IN: 1} responseTime=177 requestId=000527f3eabff4900a0dc5c61a0c2434 operations=1 units= server=adwords.google.com isFault=false faultMessage=null
[Dec 28 2015 13:51:42.000000 - INFO] effectiveUser=9398358267 service=CampaignService method=get operators={} responseTime=136 requestId=000527f3edb781e00a0dc5c61a0c2434 operations=1 units= server=adwords.google.com isFault=false faultMessage=null
[Dec 28 2015 13:51:45.000000 - INFO] effectiveUser=9398358267 service=AdGroupService method=get operators={IN: 1} responseTime=96 requestId=000527f3edd9f6300a81910afd0a8d48 operations=1 units= server=adwords.google.com isFault=false faultMessage=null
[Dec 28 2015 13:52:11.000000 - INFO] effectiveUser=9398358267 service=CampaignService method=get operators={} responseTime=108 requestId=000527f3ef6b77580a819a173307f82a operations=1 units= server=adwords.google.com isFault=false faultMessage=null
[Dec 28 2015 13:52:13.000000 - INFO] effectiveUser=9398358267 service=AdGroupAdService method=get operators={IN: 1} responseTime=170 requestId=000527f3ef8646a00a816146d101684c operations=1 units= server=adwords.google.com isFault=false faultMessage=null
[Dec 28 2015 13:52:14.000000 - INFO] effectiveUser=9398358267 service=AdGroupAdService method=get operators={IN: 1} responseTime=201 requestId=000527f3efa22b400a815b09e7028cbe operations=1 units= server=adwords.google.com isFault=false faultMessage=null
[Dec 28 2015 13:52:16.000000 - INFO] effectiveUser=9398358267 service=MediaService method=get operators={IN: 1} responseTime=82 requestId=000527f3efbecf480a816782a202d172 operations=1 units= server=adwords.google.com isFault=false faultMessage=null
[Dec 28 2015 13:52:27.000000 - INFO] effectiveUser=9398358267 service=AdGroupService method=mutate operators={ADD: 1} responseTime=131 requestId=000527f3f05db3110a81940368012e34 operations=1 units= server=adwords.google.com isFault=false faultMessage=null
[Dec 28 2015 13:52:30.000000 - INFO] effectiveUser=9398358267 service=CampaignService method=get operators={} responseTime=103 requestId=000527f3f090b5a90a819d95f005f705 operations=1 units= server=adwords.google.com isFault=false faultMessage=null
[Dec 28 2015 13:52:32.000000 - INFO] effectiveUser=9398358267 service=AdGroupAdService method=get operators={IN: 1} responseTime=206 requestId=000527f3f0b3b2b00a0de652a40704cf operations=1 units= server=adwords.google.com isFault=false faultMessage=null
[Dec 28 2015 13:52:34.000000 - INFO] effectiveUser=9398358267 service=AdGroupAdService method=get operators={IN: 1} responseTime=171 requestId=000527f3f0cf7fe00a0dc387f801d283 operations=1 units= server=adwords.google.com isFault=false faultMessage=null
[Dec 28 2015 13:52:36.000000 - INFO] effectiveUser=9398358267 service=MediaService method=get operators={IN: 1} responseTime=83 requestId=000527f3f0ee1bd00a8133d2ee0b14c5 operations=1 units= server=adwords.google.com isFault=false faultMessage=null
[Dec 28 2015 15:57:25.000000 - INFO] effectiveUser=9398358267 service=CampaignService method=get operators={} responseTime=205 requestId=000527f5af4f41980a0ddc8295023171 operations=1 units= server=adwords.google.com isFault=false faultMessage=null
[Dec 28 2015 15:57:27.000000 - INFO] effectiveUser=9398358267 service=AdGroupService method=get operators={IN: 1} responseTime=178 requestId=000527f5af6eac900a0dfd44b20dfb48 operations=1 units= server=adwords.google.com isFault=false faultMessage=null
[Dec 28 2015 15:58:17.000000 - INFO] effectiveUser=9398358267 service=CampaignService method=get operators={} responseTime=76 requestId=000527f5b269a8c90a819f4a720c5382 operations=1 units= server=adwords.google.com isFault=false faultMessage=null
[Dec 28 2015 15:58:19.000000 - INFO] effectiveUser=9398358267 service=AdGroupService method=get operators={IN: 1} responseTime=77 requestId=000527f5b2831c690a0dc387f801d283 operations=1 units= server=adwords.google.com isFault=false faultMessage=null
[Dec 28 2015 15:58:21.000000 - INFO] effectiveUser=9398358267 service=AdGroupAdService method=get operators={IN: 1} responseTime=222 requestId=000527f5b29d95c00a0dcc4a1f0c3488 operations=1 units= server=adwords.google.com isFault=false faultMessage=null
[Dec 28 2015 16:00:31.000000 - INFO] effectiveUser=9398358267 service=CampaignService method=get operators={} responseTime=112 requestId=000527f5ba5e20b80a0dfb84c9023107 operations=1 units= server=adwords.google.com isFault=false faultMessage=null
[Dec 28 2015 16:00:32.000000 - INFO] effectiveUser=9398358267 service=AdGroupService method=get operators={IN: 1} responseTime=109 requestId=000527f5ba7af3a00a0de085c70e9c9a operations=1 units= server=adwords.google.com isFault=false faultMessage=null
[Dec 28 2015 16:00:35.000000 - INFO] effectiveUser=9398358267 service=AdGroupAdService method=get operators={IN: 1} responseTime=196 requestId=000527f5ba9bd5980a8168c4280804b0 operations=1 units= server=adwords.google.com isFault=false faultMessage=null
[Dec 28 2015 16:01:24.000000 - INFO] effectiveUser=9398358267 service=CampaignService method=get operators={} responseTime=122 requestId=000527f5bd8cf2780a8198433b06bb12 operations=1 units= server=adwords.google.com isFault=false faultMessage=null
[Dec 28 2015 16:01:26.000000 - INFO] effectiveUser=9398358267 service=AdGroupService method=get operators={IN: 1} responseTime=119 requestId=000527f5bda729690a814a8b3f0cb1fc operations=1 units= server=adwords.google.com isFault=false faultMessage=null
[Dec 28 2015 16:01:28.000000 - INFO] effectiveUser=9398358267 service=AdGroupAdService method=get operators={IN: 1} responseTime=203 requestId=000527f5bdc417a80a81370907088f10 operations=1 units= server=adwords.google.com isFault=false faultMessage=null
[Dec 28 2015 16:01:30.000000 - INFO] effectiveUser=9398358267 service=AdGroupAdService method=get operators={IN: 1} responseTime=196 requestId=000527f5bde3bd380a0df4427b024830 operations=1 units= server=adwords.google.com isFault=false faultMessage=null
[Dec 28 2015 16:01:31.000000 - INFO] effectiveUser=9398358267 service=AdGroupService method=get operators={IN: 1} responseTime=107 requestId=000527f5bdfcf6410a81518e7a00f0c1 operations=1 units= server=adwords.google.com isFault=false faultMessage=null
[Dec 28 2015 16:01:33.000000 - INFO] effectiveUser=9398358267 service=AdGroupAdService method=get operators={IN: 1} responseTime=269 requestId=000527f5be16cf710a8149cb31058f4c operations=1 units= server=adwords.google.com isFault=false faultMessage=null
[Dec 28 2015 16:01:35.000000 - INFO] effectiveUser=9398358267 service=MediaService method=get operators={IN: 1} responseTime=92 requestId=000527f5be305e680a0dce41770b46a5 operations=1 units= server=adwords.google.com isFault=false faultMessage=null
[Dec 28 2015 16:54:35.000000 - INFO] effectiveUser=9398358267 service=CampaignService method=get operators={} responseTime=215 requestId=000527f67bb5e2c80a813089650fe41b operations=1 units= server=adwords.google.com isFault=false faultMessage=null
[Dec 28 2015 16:54:37.000000 - INFO] effectiveUser=9398358267 service=AdGroupService method=get operators={IN: 1} responseTime=207 requestId=000527f67bd987c80a0df4427b024830 operations=1 units= server=adwords.google.com isFault=false faultMessage=null
[Dec 28 2015 16:54:39.000000 - INFO] effectiveUser=9398358267 service=AdGroupAdService method=get operators={IN: 1} responseTime=234 requestId=000527f67bf662800a81518e7a00f0c1 operations=1 units= server=adwords.google.com isFault=false faultMessage=null
[Dec 28 2015 16:54:41.000000 - INFO] effectiveUser=9398358267 service=AdGroupAdService method=get operators={IN: 1} responseTime=243 requestId=000527f67c1393280a0de1455d00e933 operations=1 units= server=adwords.google.com isFault=false faultMessage=null
[Dec 28 2015 16:54:43.000000 - INFO] effectiveUser=9398358267 service=AdGroupService method=get operators={IN: 1} responseTime=109 requestId=000527f67c32ea990a81940368012e34 operations=1 units= server=adwords.google.com isFault=false faultMessage=null
[Dec 28 2015 16:54:45.000000 - INFO] effectiveUser=9398358267 service=AdGroupAdService method=get operators={IN: 1} responseTime=208 requestId=000527f67c521ee20a0dcbc61909e445 operations=1 units= server=adwords.google.com isFault=false faultMessage=null
[Dec 28 2015 16:54:47.000000 - INFO] effectiveUser=9398358267 service=MediaService method=get operators={IN: 1} responseTime=97 requestId=000527f67c7068c80a816b0423016dd6 operations=1 units= server=adwords.google.com isFault=false faultMessage=null
[Dec 28 2015 16:55:47.000000 - INFO] effectiveUser=9398358267 service=CampaignService method=get operators={} responseTime=113 requestId=000527f68009e3390a0deb01d00eba8a operations=1 units= server=adwords.google.com isFault=false faultMessage=null
[Dec 28 2015 16:55:49.000000 - INFO] effectiveUser=9398358267 service=AdGroupService method=get operators={IN: 1} responseTime=105 requestId=000527f68023cff10a0dcbc61909e445 operations=1 units= server=adwords.google.com isFault=false faultMessage=null
[Dec 28 2015 16:55:51.000000 - INFO] effectiveUser=9398358267 service=AdGroupAdService method=get operators={IN: 1} responseTime=265 requestId=000527f68047b7590a8149cb31058f4c operations=1 units= server=adwords.google.com isFault=false faultMessage=null
[Dec 28 2015 16:55:54.000000 - INFO] effectiveUser=9398358267 service=AdGroupAdService method=get operators={IN: 1} responseTime=231 requestId=000527f6806bd5700a814885a40e2297 operations=1 units= server=adwords.google.com isFault=false faultMessage=null
[Dec 28 2015 16:55:56.000000 - INFO] effectiveUser=9398358267 service=AdGroupService method=get operators={IN: 1} responseTime=100 requestId=000527f6808ac3680a8182447c0fc358 operations=1 units= server=adwords.google.com isFault=false faultMessage=null
[Dec 28 2015 16:55:58.000000 - INFO] effectiveUser=9398358267 service=AdGroupAdService method=get operators={IN: 1} responseTime=196 requestId=000527f680ad43700a814b49c402156c operations=1 units= server=adwords.google.com isFault=false faultMessage=null
[Dec 28 2015 16:56:00.000000 - INFO] effectiveUser=9398358267 service=MediaService method=get operators={IN: 1} responseTime=98 requestId=000527f680c8c6690a815d566d0d8f34 operations=1 units= server=adwords.google.com isFault=false faultMessage=null
[Dec 28 2015 16:56:08.000000 - INFO] effectiveUser=9398358267 service=MediaService method=get operators={IN: 1} responseTime=71 requestId=000527f6814c2f080a8149cb31058f4c operations=1 units= server=adwords.google.com isFault=false faultMessage=null
[Dec 28 2015 17:02:58.000000 - INFO] effectiveUser=9398358267 service=MediaService method=get operators={IN: 1} responseTime=164 requestId=000527f699b9ec100a8150437409fcfc operations=1 units= server=adwords.google.com isFault=false faultMessage=null
[Dec 28 2015 17:04:46.000000 - INFO] effectiveUser=9398358267 service=MediaService method=get operators={IN: 1} responseTime=89 requestId=000527f6a0220b280a8155c92e0f3f19 operations=1 units= server=adwords.google.com isFault=false faultMessage=null
[Dec 28 2015 17:06:07.000000 - INFO] effectiveUser=9398358267 service=MediaService method=get operators={IN: 1} responseTime=159 requestId=000527f6a500c7390a81518e7a00f0c1 operations=1 units= server=adwords.google.com isFault=false faultMessage=null
[Dec 28 2015 17:06:59.000000 - INFO] effectiveUser=9398358267 service=MediaService method=get operators={IN: 1} responseTime=86 requestId=000527f6a81c28680a8134415c0881b6 operations=1 units= server=adwords.google.com isFault=false faultMessage=null
[Dec 28 2015 17:07:06.000000 - INFO] effectiveUser=9398358267 service=MediaService method=get operators={IN: 1} responseTime=85 requestId=000527f6a87d24880a0ddb52ba053309 operations=1 units= server=adwords.google.com isFault=false faultMessage=null
[Dec 28 2015 17:11:07.000000 - INFO] effectiveUser=9398358267 service=MediaService method=get operators={IN: 1} responseTime=152 requestId=000527f6b6d97d110a8162c6c303a79e operations=1 units= server=adwords.google.com isFault=false faultMessage=null
[Dec 28 2015 17:11:11.000000 - ERROR] effectiveUser=9398358267 service=AdGroupAdService method=mutate operators={ADD: 1} responseTime=133 requestId=000527f6b715d2600a8156d7840d89de operations=1 units= server=adwords.google.com isFault=true faultMessage=[EntityNotFound.INVALID_ID @ operations[0].operand.ad.id; trigger:'<null>']
[Dec 28 2015 17:15:22.000000 - INFO] effectiveUser=9398358267 service=MediaService method=get operators={IN: 1} responseTime=155 requestId=000527f6c613fcb10a8168c4280804b0 operations=1 units= server=adwords.google.com isFault=false faultMessage=null
[Dec 28 2015 17:15:26.000000 - ERROR] effectiveUser=9398358267 service=AdGroupAdService method=mutate operators={ADD: 1} responseTime=46 requestId=000527f6c65461100a812958f20995e7 operations=1 units= server=adwords.google.com isFault=true faultMessage=[RequiredError.REQUIRED @ operations[0].operand.ad.templateElements[0].fields[0].name, RequiredError.REQUIRED @ operations[0].operand.ad.templateElements[0].fields[0].type]
[Dec 28 2015 17:15:59.000000 - INFO] effectiveUser=9398358267 service=MediaService method=get operators={IN: 1} responseTime=83 requestId=000527f6c84bacd00a816ccf64090b8f operations=1 units= server=adwords.google.com isFault=false faultMessage=null
[Dec 28 2015 17:16:03.000000 - ERROR] effectiveUser=9398358267 service=AdGroupAdService method=mutate operators={ADD: 1} responseTime=42 requestId=000527f6c87d01b80a816d82fb064a31 operations=1 units= server=adwords.google.com isFault=true faultMessage=[RequiredError.REQUIRED @ operations[0].operand.ad.templateElements[0].fields[0].type, RequiredError.REQUIRED @ operations[0].operand.ad.templateElements[0].fields[0].name]
[Dec 28 2015 17:18:36.000000 - INFO] effectiveUser=9398358267 service=MediaService method=get operators={IN: 1} responseTime=163 requestId=000527f6d1a2a2c00a0dd4cf7d0cfdc4 operations=1 units= server=adwords.google.com isFault=false faultMessage=null
[Dec 28 2015 17:19:34.000000 - INFO] effectiveUser=9398358267 service=MediaService method=get operators={IN: 1} responseTime=70 requestId=000527f6d51261980a8114d3d503a138 operations=1 units= server=adwords.google.com isFault=false faultMessage=null
[Dec 28 2015 17:19:40.000000 - INFO] effectiveUser=9398358267 service=MediaService method=get operators={IN: 1} responseTime=95 requestId=000527f6d57169b90a0dd9029b0864a4 operations=1 units= server=adwords.google.com isFault=false faultMessage=null
[Dec 28 2015 17:19:44.000000 - ERROR] effectiveUser=9398358267 service=AdGroupAdService method=mutate operators={ADD: 1} responseTime=118 requestId=000527f6d5a4f5090a814b49c402156c operations=1 units= server=adwords.google.com isFault=true faultMessage=[AdError.UNKNOWN_FIELD_NAME @ operations[0].operand.ad.templateElements[0].fields[0].name; trigger:'videoId', ImageError.UNEXPECTED_SIZE @ operations[0].operand.ad.templateElements[0].fields[1].fieldMedia.mediaId; trigger:'width=217, length=158', AdError.MISSING_REQUIRED_TEMPLATE_FIELDS @ operations[0].operand.ad.templateElements[0].fields; trigger:'video']
[Dec 28 2015 17:23:54.000000 - INFO] effectiveUser=9398358267 service=MediaService method=get operators={IN: 1} responseTime=177 requestId=000527f6e4996af90ac410a4bc0a8c1d operations=1 units= server=adwords.google.com isFault=false faultMessage=null
[Dec 28 2015 17:24:04.000000 - INFO] effectiveUser=9398358267 service=MediaService method=get operators={IN: 1} responseTime=158 requestId=000527f6e52a9af00ac4ea87e90c6581 operations=1 units= server=adwords.google.com isFault=false faultMessage=null
[Dec 28 2015 17:24:08.000000 - INFO] effectiveUser=9398358267 service=AdGroupAdService method=mutate operators={ADD: 1} responseTime=499 requestId=000527f6e55ea3400ac488617b0c0fb1 operations=1 units= server=adwords.google.com isFault=false faultMessage=null
[Dec 28 2015 17:24:11.000000 - INFO] effectiveUser=9398358267 service=CampaignService method=get operators={} responseTime=109 requestId=000527f6e59868510ac4aea12803cccc operations=1 units= server=adwords.google.com isFault=false faultMessage=null
[Dec 28 2015 17:24:13.000000 - INFO] effectiveUser=9398358267 service=AdGroupService method=get operators={IN: 1} responseTime=104 requestId=000527f6e5b821680ac4fee83f0abde0 operations=1 units= server=adwords.google.com isFault=false faultMessage=null
[Dec 28 2015 17:24:15.000000 - INFO] effectiveUser=9398358267 service=AdGroupAdService method=get operators={IN: 1} responseTime=232 requestId=000527f6e5d46f800ac4b0e3d00a0398 operations=1 units= server=adwords.google.com isFault=false faultMessage=null
[Dec 28 2015 17:24:17.000000 - INFO] effectiveUser=9398358267 service=AdGroupAdService method=get operators={IN: 1} responseTime=179 requestId=000527f6e5f401890ac4f122b0039f2d operations=1 units= server=adwords.google.com isFault=false faultMessage=null
[Dec 28 2015 17:24:19.000000 - INFO] effectiveUser=9398358267 service=AdGroupService method=get operators={IN: 1} responseTime=100 requestId=000527f6e6139b600ac47ae23605f694 operations=1 units= server=adwords.google.com isFault=false faultMessage=null
[Dec 28 2015 17:24:21.000000 - INFO] effectiveUser=9398358267 service=AdGroupAdService method=get operators={IN: 1} responseTime=252 requestId=000527f6e630bc680ac40ce1a009df94 operations=1 units= server=adwords.google.com isFault=false faultMessage=null
[Dec 28 2015 17:24:23.000000 - INFO] effectiveUser=9398358267 service=MediaService method=get operators={IN: 1} responseTime=86 requestId=000527f6e64b39a80ac470ca5b0c770f operations=1 units= server=adwords.google.com isFault=false faultMessage=null
[Dec 29 2015 09:41:36.000000 - INFO] effectiveUser=9398358267 service=CampaignService method=get operators={} responseTime=177 requestId=000528048d061e900a813908210c8a68 operations=1 units= server=adwords.google.com isFault=false faultMessage=null
[Dec 29 2015 09:41:38.000000 - INFO] effectiveUser=9398358267 service=AdGroupService method=get operators={IN: 1} responseTime=110 requestId=000528048d236e780a8127447e04532b operations=1 units= server=adwords.google.com isFault=false faultMessage=null
[Dec 29 2015 09:41:40.000000 - INFO] effectiveUser=9398358267 service=AdGroupAdService method=get operators={IN: 1} responseTime=189 requestId=000528048d4127d80a816b0423016dd6 operations=1 units= server=adwords.google.com isFault=false faultMessage=null
[Dec 29 2015 09:41:42.000000 - INFO] effectiveUser=9398358267 service=AdGroupAdService method=get operators={IN: 1} responseTime=346 requestId=000528048d65c6d90a0dee072c093fff operations=1 units= server=adwords.google.com isFault=false faultMessage=null
[Dec 29 2015 09:41:44.000000 - INFO] effectiveUser=9398358267 service=AdGroupService method=get operators={IN: 1} responseTime=96 requestId=000528048d8549400a8150437409fcfc operations=1 units= server=adwords.google.com isFault=false faultMessage=null
[Dec 29 2015 09:41:46.000000 - INFO] effectiveUser=9398358267 service=AdGroupAdService method=get operators={IN: 1} responseTime=189 requestId=000528048da25e900a814a8b3f0cb1fc operations=1 units= server=adwords.google.com isFault=false faultMessage=null
[Dec 29 2015 09:41:48.000000 - INFO] effectiveUser=9398358267 service=MediaService method=get operators={IN: 1} responseTime=101 requestId=000528048dbd70400a0dd1812707222d operations=1 units= server=adwords.google.com isFault=false faultMessage=null
[Dec 29 2015 09:42:08.000000 - INFO] effectiveUser=9398358267 service=MediaService method=get operators={IN: 1} responseTime=137 requestId=000528048ef037680a8104151407c62f operations=1 units= server=adwords.google.com isFault=false faultMessage=null
[Dec 29 2015 09:42:18.000000 - INFO] effectiveUser=9398358267 service=MediaService method=get operators={IN: 1} responseTime=166 requestId=000528048f8ee0980a0dfb84c9023107 operations=1 units= server=adwords.google.com isFault=false faultMessage=null
[Dec 29 2015 09:42:23.000000 - INFO] effectiveUser=9398358267 service=AdGroupAdService method=mutate operators={ADD: 1} responseTime=337 requestId=000528048fd075a90a0dfd44b20dfb48 operations=1 units= server=adwords.google.com isFault=false faultMessage=null
[Dec 29 2015 09:42:27.000000 - INFO] effectiveUser=9398358267 service=CampaignService method=get operators={} responseTime=110 requestId=000528049019dab80a816d0f9f0c5bb0 operations=1 units= server=adwords.google.com isFault=false faultMessage=null
[Dec 29 2015 09:42:29.000000 - INFO] effectiveUser=9398358267 service=AdGroupService method=get operators={IN: 1} responseTime=102 requestId=000528049033c7700a814746d40f2114 operations=1 units= server=adwords.google.com isFault=false faultMessage=null
[Dec 29 2015 09:42:31.000000 - INFO] effectiveUser=9398358267 service=AdGroupAdService method=get operators={IN: 1} responseTime=187 requestId=00052804905628390a8192c89402fa70 operations=1 units= server=adwords.google.com isFault=false faultMessage=null
[Dec 29 2015 09:42:33.000000 - INFO] effectiveUser=9398358267 service=AdGroupAdService method=get operators={IN: 1} responseTime=208 requestId=00052804907374380a0dce41770b46a5 operations=1 units= server=adwords.google.com isFault=false faultMessage=null
[Dec 29 2015 09:42:35.000000 - INFO] effectiveUser=9398358267 service=AdGroupService method=get operators={IN: 1} responseTime=103 requestId=0005280490951d680a0dcc4a1f0c3488 operations=1 units= server=adwords.google.com isFault=false faultMessage=null
[Dec 29 2015 09:42:38.000000 - INFO] effectiveUser=9398358267 service=AdGroupAdService method=get operators={IN: 1} responseTime=177 requestId=0005280490bb3b380a8191030d0ad48b operations=1 units= server=adwords.google.com isFault=false faultMessage=null
[Dec 29 2015 09:42:39.000000 - INFO] effectiveUser=9398358267 service=MediaService method=get operators={IN: 1} responseTime=87 requestId=0005280490d4c2600a0dffc569086658 operations=1 units= server=adwords.google.com isFault=false faultMessage=null
[Dec 29 2015 09:47:19.000000 - INFO] effectiveUser=9398358267 service=CampaignService method=get operators={} responseTime=164 requestId=00052804a174d8f90a0dfd44b20dfb48 operations=1 units= server=adwords.google.com isFault=false faultMessage=null
[Dec 29 2015 09:47:21.000000 - INFO] effectiveUser=9398358267 service=AdGroupService method=get operators={IN: 1} responseTime=102 requestId=00052804a19866880a0dc002b204f2d0 operations=1 units= server=adwords.google.com isFault=false faultMessage=null
[Dec 29 2015 09:47:23.000000 - INFO] effectiveUser=9398358267 service=AdGroupAdService method=get operators={IN: 1} responseTime=281 requestId=00052804a1bbc1500a8152061901a270 operations=1 units= server=adwords.google.com isFault=false faultMessage=null
[Dec 29 2015 09:47:25.000000 - INFO] effectiveUser=9398358267 service=AdGroupAdService method=get operators={IN: 1} responseTime=192 requestId=00052804a1d871100a0dd4cf7d0cfdc4 operations=1 units= server=adwords.google.com isFault=false faultMessage=null
[Dec 29 2015 09:47:27.000000 - INFO] effectiveUser=9398358267 service=AdGroupService method=get operators={IN: 1} responseTime=100 requestId=00052804a1f1a2480a816b0423016dd6 operations=1 units= server=adwords.google.com isFault=false faultMessage=null
[Dec 29 2015 09:47:29.000000 - INFO] effectiveUser=9398358267 service=AdGroupAdService method=get operators={IN: 1} responseTime=271 requestId=00052804a2109fe00a0ddd86720f570e operations=1 units= server=adwords.google.com isFault=false faultMessage=null
[Dec 29 2015 09:47:30.000000 - INFO] effectiveUser=9398358267 service=MediaService method=get operators={IN: 1} responseTime=82 requestId=00052804a22aea580a8162c6c303a79e operations=1 units= server=adwords.google.com isFault=false faultMessage=null
[Dec 29 2015 10:23:17.000000 - INFO] effectiveUser=9398358267 service=CampaignService method=get operators={} responseTime=187 requestId=00052805f8d23ae10a819e449e0c624f operations=1 units= server=adwords.google.com isFault=false faultMessage=null
[Dec 29 2015 10:23:19.000000 - INFO] effectiveUser=9398358267 service=AdGroupService method=get operators={IN: 1} responseTime=195 requestId=00052805f8f14c000a81910afd0a8d48 operations=1 units= server=adwords.google.com isFault=false faultMessage=null
[Dec 29 2015 10:23:21.000000 - INFO] effectiveUser=9398358267 service=AdGroupAdService method=get operators={IN: 1} responseTime=273 requestId=00052805f91049980a0dcb0b14016f61 operations=1 units= server=adwords.google.com isFault=false faultMessage=null
[Dec 29 2015 10:23:25.000000 - INFO] effectiveUser=9398358267 service=AdGroupAdService method=get operators={IN: 1} responseTime=185 requestId=00052805f9453c490a0dcc4a1f0c3488 operations=1 units= server=adwords.google.com isFault=false faultMessage=null
[Dec 29 2015 10:23:26.000000 - INFO] effectiveUser=9398358267 service=AdGroupService method=get operators={IN: 1} responseTime=116 requestId=00052805f95e1f600a0dcf03160a3c83 operations=1 units= server=adwords.google.com isFault=false faultMessage=null
[Dec 29 2015 10:23:28.000000 - INFO] effectiveUser=9398358267 service=AdGroupAdService method=get operators={IN: 1} responseTime=211 requestId=00052805f9761fe80a0dcad4ba07d09d operations=1 units= server=adwords.google.com isFault=false faultMessage=null
[Dec 29 2015 10:23:29.000000 - INFO] effectiveUser=9398358267 service=MediaService method=get operators={IN: 1} responseTime=158 requestId=00052805f98e28410a819f4a720c5382 operations=1 units= server=adwords.google.com isFault=false faultMessage=null
[Dec 29 2015 10:29:31.000000 - INFO] effectiveUser=5694212053 service=CampaignService method=get operators={} responseTime=156 requestId=000528060f17ebb00a0ddd86720f570e operations=1 units= server=adwords.google.com isFault=false faultMessage=null
[Dec 29 2015 10:29:32.000000 - INFO] effectiveUser=5694212053 service=MediaService method=get operators={IN: 1} responseTime=122 requestId=000528060f2dc9580a0de9c3c40a816d operations=1 units= server=adwords.google.com isFault=false faultMessage=null
[Dec 29 2015 10:29:43.000000 - INFO] effectiveUser=5694212053 service=BudgetService method=mutate operators={ADD: 1} responseTime=186 requestId=000528060fcbbed80a0de8d63407f44f operations=1 units= server=adwords.google.com isFault=false faultMessage=null
[Dec 29 2015 10:29:44.000000 - ERROR] effectiveUser=5694212053 service=CampaignService method=mutate operators={ADD: 1} responseTime=46 requestId=000528060fe3afc00a0dcbc61909e445 operations=1 units= server=adwords.google.com isFault=true faultMessage=[RangeError.TOO_LOW @ operations[0].operand.id.id]
[Dec 29 2015 10:30:17.000000 - INFO] effectiveUser=5694212053 service=BudgetService method=mutate operators={ADD: 1} responseTime=102 requestId=0005280611dd64b00a0ded850f0c3c59 operations=1 units= server=adwords.google.com isFault=false faultMessage=null
[Dec 29 2015 10:30:19.000000 - ERROR] effectiveUser=5694212053 service=CampaignService method=mutate operators={ADD: 1} responseTime=49 requestId=0005280611f4d4b00a0df6c4740d46cb operations=1 units= server=adwords.google.com isFault=true faultMessage=[RangeError.TOO_LOW @ operations[0].operand.id.id]
[Dec 29 2015 11:32:18.000000 - INFO] effectiveUser=5694212053 service=CampaignService method=get operators={} responseTime=96 requestId=0005280619190c210a0dd58f76069cc6 operations=1 units= server=adwords.google.com isFault=false faultMessage=null
[Dec 29 2015 11:32:20.000000 - INFO] effectiveUser=5694212053 service=MediaService method=get operators={IN: 1} responseTime=60 requestId=00052806192de7f80a0dce41770b46a5 operations=1 units= server=adwords.google.com isFault=false faultMessage=null
[Dec 29 2015 11:32:26.000000 - INFO] effectiveUser=5694212053 service=BudgetService method=mutate operators={ADD: 1} responseTime=181 requestId=00052806198f22980a0de1455d00e933 operations=1 units= server=adwords.google.com isFault=false faultMessage=null
[Dec 29 2015 11:32:28.000000 - ERROR] effectiveUser=5694212053 service=CampaignService method=mutate operators={ADD: 1} responseTime=40 requestId=0005280619a74a300a8168c4280804b0 operations=1 units= server=adwords.google.com isFault=true faultMessage=[RangeError.TOO_LOW @ operations[0].operand.id.id]
[Dec 29 2015 11:34:19.000000 - INFO] effectiveUser=5694212053 service=CampaignService method=get operators={} responseTime=93 requestId=00052806204185680a0ded850f0c3c59 operations=1 units= server=adwords.google.com isFault=false faultMessage=null
[Dec 29 2015 11:34:20.000000 - INFO] effectiveUser=5694212053 service=MediaService method=get operators={IN: 1} responseTime=67 requestId=0005280620576ae10a0dd4cf7d0cfdc4 operations=1 units= server=adwords.google.com isFault=false faultMessage=null
[Dec 29 2015 11:34:25.000000 - INFO] effectiveUser=5694212053 service=BudgetService method=mutate operators={ADD: 1} responseTime=111 requestId=00052806209e62d90a818986860edf6d operations=1 units= server=adwords.google.com isFault=false faultMessage=null
[Dec 29 2015 11:34:26.000000 - INFO] effectiveUser=5694212053 service=CampaignService method=mutate operators={ADD: 1} responseTime=116 requestId=0005280620b52ae10a0dfb84c9023107 operations=1 units= server=adwords.google.com isFault=false faultMessage=null
[Dec 29 2015 11:34:29.000000 - INFO] effectiveUser=5694212053 service=CampaignService method=get operators={} responseTime=98 requestId=0005280620e3dc000a814e94ef03410f operations=1 units= server=adwords.google.com isFault=false faultMessage=null
[Dec 29 2015 11:34:31.000000 - INFO] effectiveUser=5694212053 service=AdGroupService method=get operators={IN: 1} responseTime=287 requestId=0005280620fadea00a0def862402ef30 operations=1 units= server=adwords.google.com isFault=false faultMessage=null
[Dec 29 2015 11:34:32.000000 - INFO] effectiveUser=5694212053 service=MediaService method=get operators={IN: 1} responseTime=126 requestId=000528062112f2b10a8133d2ee0b14c5 operations=1 units= server=adwords.google.com isFault=false faultMessage=null
[Dec 29 2015 11:34:58.000000 - INFO] effectiveUser=5694212053 service=AdGroupService method=mutate operators={ADD: 1} responseTime=106 requestId=00052806229d38480a819bc6910b423b operations=1 units= server=adwords.google.com isFault=false faultMessage=null
[Dec 29 2015 11:35:01.000000 - INFO] effectiveUser=5694212053 service=CampaignService method=get operators={} responseTime=90 requestId=0005280622cbe9680a819c08e4055973 operations=1 units= server=adwords.google.com isFault=false faultMessage=null
[Dec 29 2015 11:35:03.000000 - INFO] effectiveUser=5694212053 service=AdGroupService method=get operators={IN: 1} responseTime=97 requestId=0005280622e51e890a8146550a06bb67 operations=1 units= server=adwords.google.com isFault=false faultMessage=null
[Dec 29 2015 11:35:04.000000 - INFO] effectiveUser=5694212053 service=AdGroupAdService method=get operators={IN: 1} responseTime=163 requestId=0005280622fc6b600a0dd9029b0864a4 operations=1 units= server=adwords.google.com isFault=false faultMessage=null
[Dec 29 2015 11:35:06.000000 - INFO] effectiveUser=5694212053 service=MediaService method=get operators={IN: 1} responseTime=66 requestId=00052806231581400a8198433b06bb12 operations=1 units= server=adwords.google.com isFault=false faultMessage=null
[Dec 29 2015 11:38:17.000000 - INFO] effectiveUser=5694212053 service=CampaignService method=get operators={} responseTime=92 requestId=000528062e716b080a81350397045f19 operations=1 units= server=adwords.google.com isFault=false faultMessage=null
[Dec 29 2015 11:38:18.000000 - INFO] effectiveUser=5694212053 service=AdGroupService method=get operators={IN: 1} responseTime=104 requestId=000528062e8986e80a8104151407c62f operations=1 units= server=adwords.google.com isFault=false faultMessage=null
[Dec 29 2015 11:38:20.000000 - INFO] effectiveUser=5694212053 service=AdGroupAdService method=get operators={IN: 1} responseTime=191 requestId=000528062ea613800a81488463086b86 operations=1 units= server=adwords.google.com isFault=false faultMessage=null
[Dec 29 2015 11:38:22.000000 - INFO] effectiveUser=5694212053 service=MediaService method=get operators={IN: 1} responseTime=64 requestId=000528062ebd25c00a8167830a0a06ea operations=1 units= server=adwords.google.com isFault=false faultMessage=null
[Dec 29 2015 11:39:03.000000 - INFO] effectiveUser=5694212053 service=CampaignService method=get operators={} responseTime=50 requestId=00052806313949510a8168c4280804b0 operations=1 units= server=adwords.google.com isFault=false faultMessage=null
[Dec 29 2015 11:39:05.000000 - INFO] effectiveUser=5694212053 service=AdGroupService method=get operators={IN: 1} responseTime=47 requestId=0005280631502cb00a0dcad4ba07d09d operations=1 units= server=adwords.google.com isFault=false faultMessage=null
[Dec 29 2015 11:39:08.000000 - INFO] effectiveUser=5694212053 service=AdGroupAdService method=get operators={IN: 1} responseTime=172 requestId=0005280631854e400a0df146080e58b5 operations=1 units= server=adwords.google.com isFault=false faultMessage=null
[Dec 29 2015 11:39:10.000000 - INFO] effectiveUser=5694212053 service=MediaService method=get operators={IN: 1} responseTime=66 requestId=00052806319b1c480a0de1455d00e933 operations=1 units= server=adwords.google.com isFault=false faultMessage=null
[Dec 29 2015 11:39:39.000000 - INFO] effectiveUser=5694212053 service=CampaignService method=get operators={} responseTime=641 requestId=0005280633587fd00a0dcad4ba07d09d operations=1 units= server=adwords.google.com isFault=false faultMessage=null
[Dec 29 2015 11:39:42.000000 - INFO] effectiveUser=5694212053 service=AdGroupService method=get operators={IN: 1} responseTime=154 requestId=00052806338358910a8167830a0a06ea operations=1 units= server=adwords.google.com isFault=false faultMessage=null
[Dec 29 2015 11:39:44.000000 - INFO] effectiveUser=5694212053 service=AdGroupAdService method=get operators={IN: 1} responseTime=529 requestId=00052806339d1e390a8126c33d09081a operations=1 units= server=adwords.google.com isFault=false faultMessage=null
[Dec 29 2015 11:39:45.000000 - INFO] effectiveUser=5694212053 service=MediaService method=get operators={IN: 1} responseTime=50 requestId=0005280633b82fe80a0dd4cf7d0cfdc4 operations=1 units= server=adwords.google.com isFault=false faultMessage=null
[Dec 29 2015 11:40:19.000000 - INFO] effectiveUser=5694212053 service=CampaignService method=get operators={} responseTime=148 requestId=0005280635c384900a0dd681870d3c79 operations=1 units= server=adwords.google.com isFault=false faultMessage=null
[Dec 29 2015 11:40:21.000000 - INFO] effectiveUser=5694212053 service=AdGroupService method=get operators={IN: 1} responseTime=92 requestId=0005280635de9e110a816d0f9f0c5bb0 operations=1 units= server=adwords.google.com isFault=false faultMessage=null
[Dec 29 2015 11:40:23.000000 - INFO] effectiveUser=5694212053 service=AdGroupAdService method=get operators={IN: 1} responseTime=170 requestId=0005280635f5fe700a814a8b3f0cb1fc operations=1 units= server=adwords.google.com isFault=false faultMessage=null
[Dec 29 2015 11:40:26.000000 - INFO] effectiveUser=5694212053 service=MediaService method=get operators={IN: 1} responseTime=65 requestId=00052806360e22200a0dccd29d0c6592 operations=1 units= server=adwords.google.com isFault=false faultMessage=null
[Dec 29 2015 11:40:37.000000 - INFO] effectiveUser=5694212053 service=CampaignService method=get operators={} responseTime=60 requestId=0005280636d7ea600a0dd1812707222d operations=1 units= server=adwords.google.com isFault=false faultMessage=null
[Dec 29 2015 11:40:39.000000 - INFO] effectiveUser=5694212053 service=AdGroupService method=get operators={IN: 1} responseTime=47 requestId=0005280636f15a180a8167830a0a06ea operations=1 units= server=adwords.google.com isFault=false faultMessage=null
[Dec 29 2015 11:40:41.000000 - INFO] effectiveUser=5694212053 service=AdGroupAdService method=get operators={IN: 1} responseTime=45 requestId=00052806370a64400a0de1455d00e933 operations=1 units= server=adwords.google.com isFault=false faultMessage=null
[Dec 29 2015 11:40:42.000000 - INFO] effectiveUser=5694212053 service=MediaService method=get operators={IN: 1} responseTime=44 requestId=000528063720b7180a81910afd0a8d48 operations=1 units= server=adwords.google.com isFault=false faultMessage=null
[Dec 29 2015 11:40:55.000000 - INFO] effectiveUser=5694212053 service=CampaignService method=get operators={} responseTime=87 requestId=0005280637df3c880a8133d2ee0b14c5 operations=1 units= server=adwords.google.com isFault=false faultMessage=null
[Dec 29 2015 11:40:56.000000 - INFO] effectiveUser=5694212053 service=AdGroupService method=get operators={IN: 1} responseTime=92 requestId=0005280637f652b10a816d82fb064a31 operations=1 units= server=adwords.google.com isFault=false faultMessage=null
[Dec 29 2015 11:40:58.000000 - INFO] effectiveUser=5694212053 service=AdGroupAdService method=get operators={IN: 1} responseTime=206 requestId=00052806380f78300a8167830a0a06ea operations=1 units= server=adwords.google.com isFault=false faultMessage=null
[Dec 29 2015 11:40:59.000000 - INFO] effectiveUser=5694212053 service=MediaService method=get operators={IN: 1} responseTime=82 requestId=0005280638276d000a818986860edf6d operations=1 units= server=adwords.google.com isFault=false faultMessage=null
[Dec 29 2015 11:41:08.000000 - INFO] effectiveUser=5694212053 service=MediaService method=get operators={IN: 1} responseTime=70 requestId=0005280638ae29300a8146550a06bb67 operations=1 units= server=adwords.google.com isFault=false faultMessage=null
[Dec 29 2015 11:41:20.000000 - INFO] effectiveUser=5694212053 service=MediaService method=get operators={IN: 1} responseTime=53 requestId=00052806396515500a0df4427b024830 operations=1 units= server=adwords.google.com isFault=false faultMessage=null
[Dec 29 2015 11:41:37.000000 - INFO] effectiveUser=5694212053 service=MediaService method=get operators={IN: 1} responseTime=109 requestId=000528063a655eb00a819f83590a33b1 operations=1 units= server=adwords.google.com isFault=false faultMessage=null
[Dec 29 2015 11:41:40.000000 - INFO] effectiveUser=5694212053 service=AdGroupAdService method=mutate operators={ADD: 1} responseTime=276 requestId=000528063a9671310a818986860edf6d operations=1 units= server=adwords.google.com isFault=false faultMessage=null
[Dec 29 2015 11:41:44.000000 - INFO] effectiveUser=5694212053 service=CampaignService method=get operators={} responseTime=90 requestId=000528063ace4df80a8126c33d09081a operations=1 units= server=adwords.google.com isFault=false faultMessage=null
[Dec 29 2015 11:41:46.000000 - INFO] effectiveUser=5694212053 service=AdGroupService method=get operators={IN: 1} responseTime=101 requestId=000528063af21df00a8156d7840d89de operations=1 units= server=adwords.google.com isFault=false faultMessage=null
[Dec 29 2015 11:41:48.000000 - INFO] effectiveUser=5694212053 service=AdGroupAdService method=get operators={IN: 1} responseTime=225 requestId=000528063b1123580a81518e7a00f0c1 operations=1 units= server=adwords.google.com isFault=false faultMessage=null
[Dec 29 2015 11:41:50.000000 - INFO] effectiveUser=5694212053 service=MediaService method=get operators={IN: 1} responseTime=65 requestId=000528063b28a2f80a814a8b3f0cb1fc operations=1 units= server=adwords.google.com isFault=false faultMessage=null
[Dec 29 2015 11:52:05.000000 - INFO] effectiveUser=5694212053 service=MediaService method=get operators={IN: 1} responseTime=127 requestId=000528065fd1f3980a0de9c3c40a816d operations=1 units= server=adwords.google.com isFault=false faultMessage=null
[Jan 06 2016 15:20:43.000000 - INFO] effectiveUser=5694212053 service=CampaignService method=get operators={} responseTime=250 requestId=000528aa38a4c0d00a815b0994000737 operations=1 units= server=adwords.google.com isFault=false faultMessage=null
[Jan 06 2016 15:20:46.000000 - INFO] effectiveUser=5694212053 service=AdGroupService method=get operators={IN: 1} responseTime=251 requestId=000528aa38c8e6b90a814e94210402d2 operations=1 units= server=adwords.google.com isFault=false faultMessage=null
[Jan 06 2016 15:20:48.000000 - INFO] effectiveUser=5694212053 service=AdGroupAdService method=get operators={IN: 1} responseTime=386 requestId=000528aa38e822d00a0df6c4cf0b4447 operations=1 units= server=adwords.google.com isFault=false faultMessage=null
[Jan 06 2016 15:20:50.000000 - INFO] effectiveUser=5694212053 service=MediaService method=get operators={IN: 1} responseTime=76 requestId=000528aa390509400a0de085780a0140 operations=1 units= server=adwords.google.com isFault=false faultMessage=null
